#
# A fatal error has been detected by the Java Runtime Environment:
#
#  EXCEPTION_ACCESS_VIOLATION (0xc0000005) at pc=0x0000000057b60b70, pid=24268, tid=0x0000000000003a24
#
# JRE version: Java(TM) SE Runtime Environment (8.0_191-b12) (build 1.8.0_191-b12)
# Java VM: Java HotSpot(TM) 64-Bit Server VM (25.191-b12 mixed mode windows-amd64 compressed oops)
# Problematic frame:
# V  [jvm.dll+0xb0b70]
#
# Failed to write core dump. Minidumps are not enabled by default on client versions of Windows
#
# If you would like to submit a bug report, please visit:
#   http://bugreport.java.com/bugreport/crash.jsp
#

---------------  T H R E A D  ---------------

Current thread (0x00000000027eb800):  GCTaskThread [stack: 0x0000000012640000,0x0000000012740000] [id=14884]

siginfo: ExceptionCode=0xc0000005, reading address 0x0000000000000008

Registers:
RAX=0x0000000000000000, RBX=0x00000000da872cc0, RCX=0x00000000da872cc0, RDX=0x0000000000000000
RSP=0x000000001273f498, RBP=0x0000000011e08f01, RSI=0x0000000017835580, RDI=0x00000000b0fe0020
R8 =0x0000000017835580, R9 =0x0000000000000114, R10=0x0000000000000008, R11=0x00000000e72a3b60
R12=0x0000000011e08e81, R13=0x0000000000000000, R14=0x0000000000000000, R15=0x00000000027de6a0
RIP=0x0000000057b60b70, EFLAGS=0x0000000000010246

Top of Stack: (sp=0x000000001273f498)
0x000000001273f498:   0000000057eb3302 00000000da8f2ca8
0x000000001273f4a8:   0000000000000003 0000000017835580
0x000000001273f4b8:   0000000057eb0555 00000000e729bb70
0x000000001273f4c8:   0000000000001000 00000000b4635410
0x000000001273f4d8:   0000000000000400 0000000000000000
0x000000001273f4e8:   0000000017835500 0000000011e08e81
0x000000001273f4f8:   0000000057eb3670 00000000b0fd2074
0x000000001273f508:   0000000011e08f01 0000000017835580
0x000000001273f518:   00000000b0fe0020 00000000b0fd2074
0x000000001273f528:   0000000057eb4215 0003237100011750
0x000000001273f538:   00007ff8d1098b03 0000000000000009
0x000000001273f548:   0000000000000003 0000000017835580
0x000000001273f558:   00007ff8d1098b03 0000000000000000
0x000000001273f568:   0000000000001000 0000000000000048
0x000000001273f578:   00007ff800000001 0000000000000000
0x000000001273f588:   0000000000000000 00000000b0fdff80 

Instructions: (pc=0x0000000057b60b70)
0x0000000057b60b50:   2c cd 1d 00 48 8b 9c 24 d0 00 00 00 48 81 c4 c0
0x0000000057b60b60:   00 00 00 5d c3 cc cc cc cc cc cc cc cc cc cc cc
0x0000000057b60b70:   44 8b 42 08 4c 8b ca 45 85 c0 7e 0e 41 f6 c0 01
0x0000000057b60b80:   75 57 41 c1 f8 03 41 8b c0 c3 79 4d 80 3d 0e 3f 


Register to memory mapping:

RAX=0x0000000000000000 is an unknown value
RBX=0x00000000da872cc0 is an unknown value
RCX=0x00000000da872cc0 is an unknown value
RDX=0x0000000000000000 is an unknown value
RSP=0x000000001273f498 is an unknown value
RBP=0x0000000011e08f01 is an unknown value
RSI=0x0000000017835580 is an unknown value
RDI=0x00000000b0fe0020 is an oop
org.apache.xmlbeans.impl.store.Xobj$AttrXobj 
 - klass: 'org/apache/xmlbeans/impl/store/Xobj$AttrXobj'
R8 =0x0000000017835580 is an unknown value
R9 =0x0000000000000114 is an unknown value
R10=0x0000000000000008 is an unknown value
R11=0x00000000e72a3b60 is an oop

[error occurred during error reporting (printing register info), id 0xc0000005]

Stack: [0x0000000012640000,0x0000000012740000],  sp=0x000000001273f498,  free space=1021k
Native frames: (J=compiled Java code, j=interpreted, Vv=VM code, C=native code)
V  [jvm.dll+0xb0b70]


---------------  P R O C E S S  ---------------

Java Threads: ( => current thread )
  0x000000001d640000 JavaThread "Okio Watchdog" daemon [_thread_blocked, id=268, stack(0x0000000020f90000,0x0000000021090000)]
  0x000000001aef0000 JavaThread "OkHttp ConnectionPool" daemon [_thread_blocked, id=18604, stack(0x0000000020e90000,0x0000000020f90000)]
  0x000000001f1a0000 JavaThread "Exec Stream Pumper" daemon [_thread_in_native, id=8364, stack(0x0000000020990000,0x0000000020a90000)]
  0x000000001dcd6800 JavaThread "Exec Stream Pumper" daemon [_thread_in_native, id=24844, stack(0x0000000020890000,0x0000000020990000)]
  0x000000001bdba800 JavaThread "Exec Default Executor" daemon [_thread_in_native, id=27944, stack(0x000000001c620000,0x000000001c720000)]
  0x000000001982c800 JavaThread "surefire-forkedjvm-ping-30s" daemon [_thread_in_native, id=17772, stack(0x000000001a610000,0x000000001a710000)]
  0x000000001976a000 JavaThread "surefire-forkedjvm-command-thread" daemon [_thread_in_native, id=28208, stack(0x000000001a510000,0x000000001a610000)]
  0x00000000196d4000 JavaThread "Service Thread" daemon [_thread_blocked, id=13620, stack(0x000000001a310000,0x000000001a410000)]
  0x0000000019648800 JavaThread "C1 CompilerThread3" daemon [_thread_blocked, id=12048, stack(0x000000001a210000,0x000000001a310000)]
  0x0000000019644800 JavaThread "C2 CompilerThread2" daemon [_thread_blocked, id=9968, stack(0x000000001a110000,0x000000001a210000)]
  0x000000001963f800 JavaThread "C2 CompilerThread1" daemon [_thread_blocked, id=23628, stack(0x000000001a010000,0x000000001a110000)]
  0x000000001963d000 JavaThread "C2 CompilerThread0" daemon [_thread_blocked, id=4944, stack(0x0000000019f10000,0x000000001a010000)]
  0x000000001963b000 JavaThread "Attach Listener" daemon [_thread_blocked, id=8788, stack(0x0000000019e10000,0x0000000019f10000)]
  0x000000001963a000 JavaThread "Signal Dispatcher" daemon [_thread_blocked, id=3004, stack(0x0000000019d10000,0x0000000019e10000)]
  0x0000000019631000 JavaThread "Finalizer" daemon [_thread_blocked, id=23580, stack(0x0000000019b10000,0x0000000019c10000)]
  0x0000000019630800 JavaThread "Reference Handler" daemon [_thread_blocked, id=20268, stack(0x0000000019a10000,0x0000000019b10000)]
  0x00000000027d3800 JavaThread "main" [_thread_blocked, id=17948, stack(0x00000000026d0000,0x00000000027d0000)]

Other Threads:
  0x0000000017839000 VMThread [stack: 0x0000000019510000,0x0000000019610000] [id=18464]
  0x00000000196ed800 WatcherThread [stack: 0x000000001a410000,0x000000001a510000] [id=22468]

=>0x00000000027eb800 (exited) GCTaskThread [stack: 0x0000000012640000,0x0000000012740000] [id=14884]

VM state:at safepoint (normal execution)

VM Mutex/Monitor currently owned by a thread:  ([mutex/lock_event])
[0x0000000000d3c300] Threads_lock - owner thread: 0x0000000017839000
[0x0000000000d3c880] Heap_lock - owner thread: 0x00000000027d3800

Heap:
 PSYoungGen      total 459264K, used 283058K [0x00000000d5f80000, 0x0000000100000000, 0x0000000100000000)
  eden space 229888K, 95% used [0x00000000d5f80000,0x00000000e369c898,0x00000000e4000000)
  from space 229376K, 27% used [0x00000000f2000000,0x00000000f5d50000,0x0000000100000000)
  to   space 229376K, 32% used [0x00000000e4000000,0x00000000e893bb70,0x00000000f2000000)
 ParOldGen       total 1251328K, used 848685K [0x0000000081e00000, 0x00000000ce400000, 0x00000000d5f80000)
  object space 1251328K, 67% used [0x0000000081e00000,0x00000000b5acb410,0x00000000ce400000)
 Metaspace       used 35857K, capacity 37036K, committed 37376K, reserved 1081344K
  class space    used 4496K, capacity 4772K, committed 4864K, reserved 1048576K

Card table byte_map: [0x0000000011c90000,0x0000000012090000] byte_map_base: 0x0000000011881000

Marking Bits: (ParMarkBitMap*) 0x00000000582d3e30
 Begin Bits: [0x0000000012b40000, 0x0000000014ac8000)
 End Bits:   [0x0000000014ac8000, 0x0000000016a50000)

Polling page: 0x0000000000d20000

CodeCache: size=245760Kb used=13282Kb max_used=13282Kb free=232478Kb
 bounds [0x00000000028d0000, 0x00000000035e0000, 0x00000000118d0000]
 total_blobs=4423 nmethods=3930 adapters=404
 compilation: enabled

Compilation events (10 events):
Event: 164.515 Thread 0x000000001963f800 nmethod 4996 0x00000000035d7f90 code [0x00000000035d80e0, 0x00000000035d8458]
Event: 164.515 Thread 0x0000000019648800 nmethod 4999 0x00000000035d79d0 code [0x00000000035d7b40, 0x00000000035d7e90]
Event: 164.515 Thread 0x0000000019648800 5003       3       org.apache.xmlbeans.impl.store.Cur::moveNode (120 bytes)
Event: 164.516 Thread 0x0000000019648800 nmethod 5003 0x00000000035d6210 code [0x00000000035d64a0, 0x00000000035d7408]
Event: 164.516 Thread 0x0000000019648800 5000       3       org.apache.xmlbeans.impl.store.Xobj::isJustAfterEnd (82 bytes)
Event: 164.516 Thread 0x0000000019648800 nmethod 5000 0x00000000035d5310 code [0x00000000035d54e0, 0x00000000035d5f68]
Event: 164.516 Thread 0x0000000019648800 5001       3       org.apache.xmlbeans.impl.store.Cur::tempCur (77 bytes)
Event: 164.517 Thread 0x0000000019648800 nmethod 5001 0x00000000035d86d0 code [0x00000000035d88a0, 0x00000000035d9028]
Event: 164.517 Thread 0x0000000019648800 5002       3       org.apache.xmlbeans.impl.store.Cur::contains (55 bytes)
Event: 164.517 Thread 0x0000000019648800 nmethod 5002 0x00000000035d9390 code [0x00000000035d95e0, 0x00000000035da2e8]

GC Heap History (10 events):
Event: 162.571 GC heap after
Heap after GC invocations=105 (full 17):
 PSYoungGen      total 453120K, used 61872K [0x00000000d5f80000, 0x00000000ffa00000, 0x0000000100000000)
  eden space 229888K, 0% used [0x00000000d5f80000,0x00000000d5f80000,0x00000000e4000000)
  from space 223232K, 27% used [0x00000000f2000000,0x00000000f5c6c350,0x00000000ffa00000)
  to   space 226304K, 0% used [0x00000000e4000000,0x00000000e4000000,0x00000000f1d00000)
 ParOldGen       total 1251328K, used 375448K [0x0000000081e00000, 0x00000000ce400000, 0x00000000d5f80000)
  object space 1251328K, 30% used [0x0000000081e00000,0x0000000098ca6030,0x00000000ce400000)
 Metaspace       used 35825K, capacity 37018K, committed 37120K, reserved 1081344K
  class space    used 4494K, capacity 4769K, committed 4864K, reserved 1048576K
}
Event: 162.830 GC heap before
{Heap before GC invocations=106 (full 17):
 PSYoungGen      total 453120K, used 291760K [0x00000000d5f80000, 0x00000000ffa00000, 0x0000000100000000)
  eden space 229888K, 100% used [0x00000000d5f80000,0x00000000e4000000,0x00000000e4000000)
  from space 223232K, 27% used [0x00000000f2000000,0x00000000f5c6c350,0x00000000ffa00000)
  to   space 226304K, 0% used [0x00000000e4000000,0x00000000e4000000,0x00000000f1d00000)
 ParOldGen       total 1251328K, used 375448K [0x0000000081e00000, 0x00000000ce400000, 0x00000000d5f80000)
  object space 1251328K, 30% used [0x0000000081e00000,0x0000000098ca6030,0x00000000ce400000)
 Metaspace       used 35855K, capacity 37036K, committed 37376K, reserved 1081344K
  class space    used 4496K, capacity 4772K, committed 4864K, reserved 1048576K
Event: 162.878 GC heap after
Heap after GC invocations=106 (full 17):
 PSYoungGen      total 456192K, used 32360K [0x00000000d5f80000, 0x00000000ffc00000, 0x0000000100000000)
  eden space 229888K, 0% used [0x00000000d5f80000,0x00000000d5f80000,0x00000000e4000000)
  from space 226304K, 14% used [0x00000000e4000000,0x00000000e5f9a1d8,0x00000000f1d00000)
  to   space 222720K, 0% used [0x00000000f2280000,0x00000000f2280000,0x00000000ffc00000)
 ParOldGen       total 1251328K, used 437388K [0x0000000081e00000, 0x00000000ce400000, 0x00000000d5f80000)
  object space 1251328K, 34% used [0x0000000081e00000,0x000000009c9231c8,0x00000000ce400000)
 Metaspace       used 35855K, capacity 37036K, committed 37376K, reserved 1081344K
  class space    used 4496K, capacity 4772K, committed 4864K, reserved 1048576K
}
Event: 163.222 GC heap before
{Heap before GC invocations=107 (full 17):
 PSYoungGen      total 456192K, used 262248K [0x00000000d5f80000, 0x00000000ffc00000, 0x0000000100000000)
  eden space 229888K, 100% used [0x00000000d5f80000,0x00000000e4000000,0x00000000e4000000)
  from space 226304K, 14% used [0x00000000e4000000,0x00000000e5f9a1d8,0x00000000f1d00000)
  to   space 222720K, 0% used [0x00000000f2280000,0x00000000f2280000,0x00000000ffc00000)
 ParOldGen       total 1251328K, used 437388K [0x0000000081e00000, 0x00000000ce400000, 0x00000000d5f80000)
  object space 1251328K, 34% used [0x0000000081e00000,0x000000009c9231c8,0x00000000ce400000)
 Metaspace       used 35855K, capacity 37036K, committed 37376K, reserved 1081344K
  class space    used 4496K, capacity 4772K, committed 4864K, reserved 1048576K
Event: 163.264 GC heap after
Heap after GC invocations=107 (full 17):
 PSYoungGen      total 455680K, used 136767K [0x00000000d5f80000, 0x0000000100000000, 0x0000000100000000)
  eden space 232960K, 0% used [0x00000000d5f80000,0x00000000d5f80000,0x00000000e4300000)
  from space 222720K, 61% used [0x00000000f2280000,0x00000000fa80fe18,0x00000000ffc00000)
  to   space 227840K, 0% used [0x00000000e4300000,0x00000000e4300000,0x00000000f2180000)
 ParOldGen       total 1251328K, used 492236K [0x0000000081e00000, 0x00000000ce400000, 0x00000000d5f80000)
  object space 1251328K, 39% used [0x0000000081e00000,0x000000009feb31a8,0x00000000ce400000)
 Metaspace       used 35855K, capacity 37036K, committed 37376K, reserved 1081344K
  class space    used 4496K, capacity 4772K, committed 4864K, reserved 1048576K
}
Event: 163.682 GC heap before
{Heap before GC invocations=108 (full 17):
 PSYoungGen      total 455680K, used 369727K [0x00000000d5f80000, 0x0000000100000000, 0x0000000100000000)
  eden space 232960K, 100% used [0x00000000d5f80000,0x00000000e4300000,0x00000000e4300000)
  from space 222720K, 61% used [0x00000000f2280000,0x00000000fa80fe18,0x00000000ffc00000)
  to   space 227840K, 0% used [0x00000000e4300000,0x00000000e4300000,0x00000000f2180000)
 ParOldGen       total 1251328K, used 492236K [0x0000000081e00000, 0x00000000ce400000, 0x00000000d5f80000)
  object space 1251328K, 39% used [0x0000000081e00000,0x000000009feb31a8,0x00000000ce400000)
 Metaspace       used 35855K, capacity 37036K, committed 37376K, reserved 1081344K
  class space    used 4496K, capacity 4772K, committed 4864K, reserved 1048576K
Event: 163.771 GC heap after
Heap after GC invocations=108 (full 17):
 PSYoungGen      total 390144K, used 157091K [0x00000000d5f80000, 0x0000000100000000, 0x0000000100000000)
  eden space 232960K, 0% used [0x00000000d5f80000,0x00000000d5f80000,0x00000000e4300000)
  from space 157184K, 99% used [0x00000000e4300000,0x00000000edc68e90,0x00000000edc80000)
  to   space 229376K, 0% used [0x00000000f2000000,0x00000000f2000000,0x0000000100000000)
 ParOldGen       total 1251328K, used 624394K [0x0000000081e00000, 0x00000000ce400000, 0x00000000d5f80000)
  object space 1251328K, 49% used [0x0000000081e00000,0x00000000a7fc2b10,0x00000000ce400000)
 Metaspace       used 35855K, capacity 37036K, committed 37376K, reserved 1081344K
  class space    used 4496K, capacity 4772K, committed 4864K, reserved 1048576K
}
Event: 164.110 GC heap before
{Heap before GC invocations=109 (full 17):
 PSYoungGen      total 390144K, used 390051K [0x00000000d5f80000, 0x0000000100000000, 0x0000000100000000)
  eden space 232960K, 100% used [0x00000000d5f80000,0x00000000e4300000,0x00000000e4300000)
  from space 157184K, 99% used [0x00000000e4300000,0x00000000edc68e90,0x00000000edc80000)
  to   space 229376K, 0% used [0x00000000f2000000,0x00000000f2000000,0x0000000100000000)
 ParOldGen       total 1251328K, used 624394K [0x0000000081e00000, 0x00000000ce400000, 0x00000000d5f80000)
  object space 1251328K, 49% used [0x0000000081e00000,0x00000000a7fc2b10,0x00000000ce400000)
 Metaspace       used 35855K, capacity 37036K, committed 37376K, reserved 1081344K
  class space    used 4496K, capacity 4772K, committed 4864K, reserved 1048576K
Event: 164.215 GC heap after
Heap after GC invocations=109 (full 17):
 PSYoungGen      total 459264K, used 62784K [0x00000000d5f80000, 0x0000000100000000, 0x0000000100000000)
  eden space 229888K, 0% used [0x00000000d5f80000,0x00000000d5f80000,0x00000000e4000000)
  from space 229376K, 27% used [0x00000000f2000000,0x00000000f5d50000,0x0000000100000000)
  to   space 229376K, 0% used [0x00000000e4000000,0x00000000e4000000,0x00000000f2000000)
 ParOldGen       total 1251328K, used 785845K [0x0000000081e00000, 0x00000000ce400000, 0x00000000d5f80000)
  object space 1251328K, 62% used [0x0000000081e00000,0x00000000b1d6d410,0x00000000ce400000)
 Metaspace       used 35855K, capacity 37036K, committed 37376K, reserved 1081344K
  class space    used 4496K, capacity 4772K, committed 4864K, reserved 1048576K
}
Event: 164.596 GC heap before
{Heap before GC invocations=110 (full 17):
 PSYoungGen      total 459264K, used 283058K [0x00000000d5f80000, 0x0000000100000000, 0x0000000100000000)
  eden space 229888K, 95% used [0x00000000d5f80000,0x00000000e369c898,0x00000000e4000000)
  from space 229376K, 27% used [0x00000000f2000000,0x00000000f5d50000,0x0000000100000000)
  to   space 229376K, 0% used [0x00000000e4000000,0x00000000e4000000,0x00000000f2000000)
 ParOldGen       total 1251328K, used 785845K [0x0000000081e00000, 0x00000000ce400000, 0x00000000d5f80000)
  object space 1251328K, 62% used [0x0000000081e00000,0x00000000b1d6d410,0x00000000ce400000)
 Metaspace       used 35857K, capacity 37036K, committed 37376K, reserved 1081344K
  class space    used 4496K, capacity 4772K, committed 4864K, reserved 1048576K

Deoptimization events (10 events):
Event: 51.339 Thread 0x00000000027d3800 Uncommon trap: reason=unstable_if action=reinterpret pc=0x0000000002fbf030 method=java.util.HashMap$HashIterator.<init>(Ljava/util/HashMap;)V @ 45
Event: 51.340 Thread 0x00000000027d3800 Uncommon trap: reason=unstable_if action=reinterpret pc=0x0000000002fbd970 method=java.util.HashMap$HashIterator.<init>(Ljava/util/HashMap;)V @ 45
Event: 51.340 Thread 0x00000000027d3800 Uncommon trap: reason=unstable_if action=reinterpret pc=0x0000000002d4b514 method=java.util.HashMap$HashIterator.<init>(Ljava/util/HashMap;)V @ 45
Event: 143.136 Thread 0x00000000027d3800 Uncommon trap: reason=unstable_if action=reinterpret pc=0x0000000002b06ba4 method=sun.nio.cs.SingleByte$Encoder.encode(C)I @ 13
Event: 152.262 Thread 0x00000000027d3800 Uncommon trap: reason=unstable_if action=reinterpret pc=0x0000000002a4d974 method=java.util.regex.Pattern$Dot.isSatisfiedBy(I)Z @ 3
Event: 152.264 Thread 0x00000000027d3800 Uncommon trap: reason=class_check action=maybe_recompile pc=0x00000000034572a4 method=java.lang.AbstractStringBuilder.append(Ljava/lang/CharSequence;)Ljava/lang/AbstractStringBuilder; @ 37
Event: 152.264 Thread 0x00000000027d3800 Uncommon trap: reason=class_check action=maybe_recompile pc=0x00000000034572a4 method=java.lang.AbstractStringBuilder.append(Ljava/lang/CharSequence;)Ljava/lang/AbstractStringBuilder; @ 37
Event: 152.264 Thread 0x00000000027d3800 Uncommon trap: reason=unstable_if action=reinterpret pc=0x000000000344da58 method=java.util.regex.Pattern$Caret.match(Ljava/util/regex/Matcher;ILjava/lang/CharSequence;)Z @ 44
Event: 152.265 Thread 0x00000000027d3800 Uncommon trap: reason=class_check action=maybe_recompile pc=0x00000000034572a4 method=java.lang.AbstractStringBuilder.append(Ljava/lang/CharSequence;)Ljava/lang/AbstractStringBuilder; @ 37
Event: 152.265 Thread 0x00000000027d3800 Uncommon trap: reason=class_check action=maybe_recompile pc=0x00000000034572a4 method=java.lang.AbstractStringBuilder.append(Ljava/lang/CharSequence;)Ljava/lang/AbstractStringBuilder; @ 37

Classes redefined (0 events):
No events

Internal exceptions (10 events):
Event: 141.068 Thread 0x00000000027d3800 Exception <a 'java/net/SocketTimeoutException': Read timed out> (0x00000000dacfeab8) thrown at [C:\re\workspace\8-2-build-windows-amd64-cygwin\jdk8u191\11896\hotspot\src\share\vm\prims\jni.cpp, line 735]
Event: 141.577 Thread 0x00000000027d3800 Exception <a 'java/net/SocketTimeoutException': Read timed out> (0x00000000dad10a10) thrown at [C:\re\workspace\8-2-build-windows-amd64-cygwin\jdk8u191\11896\hotspot\src\share\vm\prims\jni.cpp, line 735]
Event: 142.086 Thread 0x00000000027d3800 Exception <a 'java/net/SocketTimeoutException': Read timed out> (0x00000000dad22968) thrown at [C:\re\workspace\8-2-build-windows-amd64-cygwin\jdk8u191\11896\hotspot\src\share\vm\prims\jni.cpp, line 735]
Event: 142.605 Thread 0x00000000027d3800 Exception <a 'java/net/SocketTimeoutException': Read timed out> (0x00000000dad348c0) thrown at [C:\re\workspace\8-2-build-windows-amd64-cygwin\jdk8u191\11896\hotspot\src\share\vm\prims\jni.cpp, line 735]
Event: 143.116 Thread 0x00000000027d3800 Exception <a 'java/net/SocketTimeoutException': Read timed out> (0x00000000dad46818) thrown at [C:\re\workspace\8-2-build-windows-amd64-cygwin\jdk8u191\11896\hotspot\src\share\vm\prims\jni.cpp, line 735]
Event: 143.127 Thread 0x00000000027d3800 Exception <a 'java/lang/reflect/InvocationTargetException'> (0x00000000dad72bc0) thrown at [C:\re\workspace\8-2-build-windows-amd64-cygwin\jdk8u191\11896\hotspot\src\share\vm\runtime\reflection.cpp, line 1092]
Event: 152.245 Thread 0x00000000027d3800 Exception <a 'java/net/SocketTimeoutException': Read timed out> (0x00000000e087aff0) thrown at [C:\re\workspace\8-2-build-windows-amd64-cygwin\jdk8u191\11896\hotspot\src\share\vm\prims\jni.cpp, line 735]
Event: 152.262 Thread 0x00000000027d3800 Exception <a 'java/lang/reflect/InvocationTargetException'> (0x00000000e08c3700) thrown at [C:\re\workspace\8-2-build-windows-amd64-cygwin\jdk8u191\11896\hotspot\src\share\vm\runtime\reflection.cpp, line 1092]
Event: 162.503 Thread 0x00000000027d3800 Exception <a 'java/net/SocketTimeoutException': Read timed out> (0x00000000e3d35630) thrown at [C:\re\workspace\8-2-build-windows-amd64-cygwin\jdk8u191\11896\hotspot\src\share\vm\prims\jni.cpp, line 735]
Event: 162.517 Thread 0x00000000027d3800 Exception <a 'java/lang/reflect/InvocationTargetException'> (0x00000000e3d560c0) thrown at [C:\re\workspace\8-2-build-windows-amd64-cygwin\jdk8u191\11896\hotspot\src\share\vm\runtime\reflection.cpp, line 1092]

Events (10 events):
Event: 164.508 loading class org/apache/xerces/util/SecurityManager done
Event: 164.510 loading class org/apache/xerces/util/SecurityManager
Event: 164.510 loading class org/apache/xerces/util/SecurityManager done
Event: 164.511 loading class org/apache/xerces/util/SecurityManager
Event: 164.511 loading class org/apache/xerces/util/SecurityManager done
Event: 164.513 loading class org/apache/xerces/util/SecurityManager
Event: 164.513 loading class org/apache/xerces/util/SecurityManager done
Event: 164.514 loading class org/apache/xerces/util/SecurityManager
Event: 164.514 loading class org/apache/xerces/util/SecurityManager done
Event: 164.596 Executing VM operation: ParallelGCFailedAllocation


Dynamic libraries:
0x00007ff79dfc0000 - 0x00007ff79dff7000 	C:\Program Files\Java\jdk1.8.0_191\jre\bin\java.exe
0x00007ff8d39e0000 - 0x00007ff8d3bd0000 	C:\WINDOWS\SYSTEM32\ntdll.dll
0x00007ff8d3240000 - 0x00007ff8d32f2000 	C:\WINDOWS\System32\KERNEL32.DLL
0x00007ff8d1060000 - 0x00007ff8d1304000 	C:\WINDOWS\System32\KERNELBASE.dll
0x00007ff8d3020000 - 0x00007ff8d30c3000 	C:\WINDOWS\System32\ADVAPI32.dll
0x00007ff8d2b20000 - 0x00007ff8d2bbe000 	C:\WINDOWS\System32\msvcrt.dll
0x00007ff8d31a0000 - 0x00007ff8d3237000 	C:\WINDOWS\System32\sechost.dll
0x00007ff8d1ad0000 - 0x00007ff8d1bf0000 	C:\WINDOWS\System32\RPCRT4.dll
0x00007ff8d2bd0000 - 0x00007ff8d2d64000 	C:\WINDOWS\System32\USER32.dll
0x00007ff8d09c0000 - 0x00007ff8d09e1000 	C:\WINDOWS\System32\win32u.dll
0x00007ff8d2f20000 - 0x00007ff8d2f46000 	C:\WINDOWS\System32\GDI32.dll
0x00007ff8d0cc0000 - 0x00007ff8d0e54000 	C:\WINDOWS\System32\gdi32full.dll
0x00007ff8d0b40000 - 0x00007ff8d0bde000 	C:\WINDOWS\System32\msvcp_win.dll
0x00007ff8d0e60000 - 0x00007ff8d0f5a000 	C:\WINDOWS\System32\ucrtbase.dll
0x00007ff8cfd50000 - 0x00007ff8cffd4000 	C:\WINDOWS\WinSxS\amd64_microsoft.windows.common-controls_6595b64144ccf1df_6.0.18362.836_none_e6c4b943130f18ed\COMCTL32.dll
0x00007ff8d3660000 - 0x00007ff8d3996000 	C:\WINDOWS\System32\combase.dll
0x00007ff8d0f80000 - 0x00007ff8d1000000 	C:\WINDOWS\System32\bcryptPrimitives.dll
0x00007ff8d1aa0000 - 0x00007ff8d1ace000 	C:\WINDOWS\System32\IMM32.DLL
0x000000005a860000 - 0x000000005a932000 	C:\Program Files\Java\jdk1.8.0_191\jre\bin\msvcr100.dll
0x0000000057ab0000 - 0x0000000058354000 	C:\Program Files\Java\jdk1.8.0_191\jre\bin\server\jvm.dll
0x00007ff8d1a90000 - 0x00007ff8d1a98000 	C:\WINDOWS\System32\PSAPI.DLL
0x00007ff8c3120000 - 0x00007ff8c312a000 	C:\WINDOWS\SYSTEM32\VERSION.dll
0x00007ff8c96c0000 - 0x00007ff8c96c9000 	C:\WINDOWS\SYSTEM32\WSOCK32.dll
0x00007ff8cdb00000 - 0x00007ff8cdb24000 	C:\WINDOWS\SYSTEM32\WINMM.dll
0x00007ff8d2fb0000 - 0x00007ff8d301f000 	C:\WINDOWS\System32\WS2_32.dll
0x00007ff8cd680000 - 0x00007ff8cd6ad000 	C:\WINDOWS\SYSTEM32\winmmbase.dll
0x00007ff8d0970000 - 0x00007ff8d09ba000 	C:\WINDOWS\System32\cfgmgr32.dll
0x000000005b7c0000 - 0x000000005b7cf000 	C:\Program Files\Java\jdk1.8.0_191\jre\bin\verify.dll
0x000000005b460000 - 0x000000005b489000 	C:\Program Files\Java\jdk1.8.0_191\jre\bin\java.dll
0x000000005b270000 - 0x000000005b286000 	C:\Program Files\Java\jdk1.8.0_191\jre\bin\zip.dll
0x00007ff8d1ee0000 - 0x00007ff8d25c4000 	C:\WINDOWS\System32\SHELL32.dll
0x00007ff8d3320000 - 0x00007ff8d33c9000 	C:\WINDOWS\System32\shcore.dll
0x00007ff8d1310000 - 0x00007ff8d1a8e000 	C:\WINDOWS\System32\windows.storage.dll
0x00007ff8d08f0000 - 0x00007ff8d0913000 	C:\WINDOWS\System32\profapi.dll
0x00007ff8d0920000 - 0x00007ff8d096a000 	C:\WINDOWS\System32\powrprof.dll
0x00007ff8d08a0000 - 0x00007ff8d08b0000 	C:\WINDOWS\System32\UMPDC.dll
0x00007ff8d2f50000 - 0x00007ff8d2fa2000 	C:\WINDOWS\System32\shlwapi.dll
0x00007ff8d08d0000 - 0x00007ff8d08e1000 	C:\WINDOWS\System32\kernel.appcore.dll
0x00007ff8d0f60000 - 0x00007ff8d0f77000 	C:\WINDOWS\System32\cryptsp.dll
0x000000005b450000 - 0x000000005b45d000 	C:\Program Files\Java\jdk1.8.0_191\jre\bin\management.dll
0x000000005b0d0000 - 0x000000005b0f4000 	C:\Program Files\Java\jdk1.8.0_191\jre\bin\sunec.dll
0x000000005b250000 - 0x000000005b26a000 	C:\Program Files\Java\jdk1.8.0_191\jre\bin\net.dll
0x00007ff8cfa30000 - 0x00007ff8cfa97000 	C:\WINDOWS\system32\mswsock.dll
0x00007ff8cf740000 - 0x00007ff8cf77a000 	C:\WINDOWS\SYSTEM32\IPHLPAPI.DLL
0x00007ff8d1e20000 - 0x00007ff8d1e28000 	C:\WINDOWS\System32\NSI.dll
0x00007ff8c2890000 - 0x00007ff8c28a6000 	C:\WINDOWS\SYSTEM32\dhcpcsvc6.DLL
0x00007ff8c2a90000 - 0x00007ff8c2aac000 	C:\WINDOWS\SYSTEM32\dhcpcsvc.DLL
0x00007ff8cf780000 - 0x00007ff8cf84b000 	C:\WINDOWS\SYSTEM32\DNSAPI.dll
0x000000005b1f0000 - 0x000000005b201000 	C:\Program Files\Java\jdk1.8.0_191\jre\bin\nio.dll
0x00007ff8cf5a0000 - 0x00007ff8cf5d3000 	C:\WINDOWS\system32\rsaenh.dll
0x00007ff8d0c90000 - 0x00007ff8d0cb6000 	C:\WINDOWS\System32\bcrypt.dll
0x00007ff8d07c0000 - 0x00007ff8d07e5000 	C:\WINDOWS\SYSTEM32\USERENV.dll
0x00007ff8cfc00000 - 0x00007ff8cfc0c000 	C:\WINDOWS\SYSTEM32\CRYPTBASE.dll
0x000000005b370000 - 0x000000005b37b000 	C:\Program Files\Java\jdk1.8.0_191\jre\bin\sunmscapi.dll
0x00007ff8d09f0000 - 0x00007ff8d0b39000 	C:\WINDOWS\System32\CRYPT32.dll
0x00007ff8d08b0000 - 0x00007ff8d08c2000 	C:\WINDOWS\System32\MSASN1.dll
0x00007ff8bef10000 - 0x00007ff8bef1a000 	C:\Windows\System32\rasadhlp.dll
0x00007ff8c20c0000 - 0x00007ff8c2137000 	C:\WINDOWS\System32\fwpuclnt.dll
0x00007ff8b4350000 - 0x00007ff8b4366000 	C:\WINDOWS\system32\napinsp.dll
0x00007ff8aeb40000 - 0x00007ff8aeb5a000 	C:\WINDOWS\system32\pnrpnsp.dll
0x00007ff8c9680000 - 0x00007ff8c9695000 	C:\WINDOWS\system32\wshbth.dll
0x00007ff8cc260000 - 0x00007ff8cc27c000 	C:\WINDOWS\system32\NLAapi.dll
0x00007ff8b8050000 - 0x00007ff8b805e000 	C:\WINDOWS\System32\winrnr.dll
0x00007ff8d03c0000 - 0x00007ff8d05b4000 	C:\WINDOWS\SYSTEM32\dbghelp.dll

VM Arguments:
java_command: C:\Users\saiku\AppData\Local\Temp\surefire1422906979801591312\surefirebooter6022669539994628225.jar C:\Users\saiku\AppData\Local\Temp\surefire1422906979801591312 2020-05-29T14-24-36_102-jvmRun1 surefire4533024373368487228tmp surefire_07059738640195474722tmp
java_class_path (initial): C:\Users\saiku\AppData\Local\Temp\surefire1422906979801591312\surefirebooter6022669539994628225.jar
Launcher Type: SUN_STANDARD

Environment Variables:
JAVA_HOME=C:\Program Files\Java\jdk1.8.0_191
PATH=C:\Program Files (x86)\Common Files\Oracle\Java\javapath;C:\WINDOWS\system32;C:\WINDOWS;C:\WINDOWS\System32\Wbem;C:\WINDOWS\System32\WindowsPowerShell\v1.0\;C:\WINDOWS\System32\OpenSSH\;C:\Program Files\Java\jdk1.8.0_191\bin;C:\Users\saiku\Downloads\apache-maven-3.6.3-bin\apache-maven-3.6.3\bin;C:\Users\saiku\AppData\Local\Microsoft\WindowsApps
USERNAME=saiku
OS=Windows_NT
PROCESSOR_IDENTIFIER=Intel64 Family 6 Model 142 Stepping 11, GenuineIntel



---------------  S Y S T E M  ---------------

OS: Windows 10.0 , 64 bit Build 18362 (10.0.18362.778)

CPU:total 8 (initial active 8) (4 cores per cpu, 2 threads per core) family 6 model 142 stepping 11, cmov, cx8, fxsr, mmx, sse, sse2, sse3, ssse3, sse4.1, sse4.2, popcnt, avx, avx2, aes, clmul, erms, 3dnowpref, lzcnt, ht, tsc, tscinvbit, bmi1, bmi2, adx

Memory: 4k page, physical 8264924k(586196k free), swap 13462612k(2274140k free)

vm_info: Java HotSpot(TM) 64-Bit Server VM (25.191-b12) for windows-amd64 JRE (1.8.0_191-b12), built on Oct  6 2018 09:29:03 by "java_re" with MS VC++ 10.0 (VS2010)

time: Fri May 29 14:27:21 2020
elapsed time: 164 seconds (0d 0h 2m 44s)

