#
# A fatal error has been detected by the Java Runtime Environment:
#
#  EXCEPTION_ACCESS_VIOLATION (0xc0000005) at pc=0x0000000057b60b70, pid=28440, tid=0x00000000000068a4
#
# JRE version: Java(TM) SE Runtime Environment (8.0_191-b12) (build 1.8.0_191-b12)
# Java VM: Java HotSpot(TM) 64-Bit Server VM (25.191-b12 mixed mode windows-amd64 compressed oops)
# Problematic frame:
# V  [jvm.dll+0xb0b70]
#
# Failed to write core dump. Minidumps are not enabled by default on client versions of Windows
#
# If you would like to submit a bug report, please visit:
#   http://bugreport.java.com/bugreport/crash.jsp
#

---------------  T H R E A D  ---------------

Current thread (0x0000000003260000):  GCTaskThread [stack: 0x00000000130c0000,0x00000000131c0000] [id=26788]

siginfo: ExceptionCode=0xc0000005, reading address 0x00000004bc9bec20

Registers:
RAX=0x0000000000000000, RBX=0x00000000f472e088, RCX=0x00000000f472e088, RDX=0x00000004bc9bec18
RSP=0x00000000131bf9f8, RBP=0x0000000000000000, RSI=0x00000000182e55c0, RDI=0x0002db7a0000433b
R8 =0x00000000182e55c0, R9 =0x0000000000000005, R10=0x0000000097a78240, R11=0x00000000032569e0
R12=0x000000005810b3b8, R13=0x00000000f472dfd8, R14=0x0000000000000000, R15=0x0000000003260790
RIP=0x0000000057b60b70, EFLAGS=0x0000000000010206

Top of Stack: (sp=0x00000000131bf9f8)
0x00000000131bf9f8:   0000000057eb3302 00000000f47ae060
0x00000000131bfa08:   0000000000000005 00000000182e55c0
0x00000000131bfa18:   0000000057b9d440 0000000003252dc0
0x00000000131bfa28:   00000000e52c4960 0000000097a76250
0x00000000131bfa38:   0000000000000400 0000000000000000
0x00000000131bfa48:   0000000003252d01 000000005810b3b8
0x00000000131bfa58:   0000000057eb3670 0000000097a77f54
0x00000000131bfa68:   0000000000000000 00000000182e55c0
0x00000000131bfa78:   0002db7a0000433b 0000000097a77f54
0x00000000131bfa88:   0000000057eb4045 000000000000000d
0x00000000131bfa98:   000000005810b3b8 0000000097989498
0x00000000131bfaa8:   0000000057eb3581 0002db7a0000433b
0x00000000131bfab8:   0000000000000005 00000000182e55c0
0x00000000131bfac8:   0002db7a0000433b 000000001a192a70
0x00000000131bfad8:   0002db790000433b 0002f5340001bdb0
0x00000000131bfae8:   0003938400015e5d 0000000003260780 

Instructions: (pc=0x0000000057b60b70)
0x0000000057b60b50:   2c cd 1d 00 48 8b 9c 24 d0 00 00 00 48 81 c4 c0
0x0000000057b60b60:   00 00 00 5d c3 cc cc cc cc cc cc cc cc cc cc cc
0x0000000057b60b70:   44 8b 42 08 4c 8b ca 45 85 c0 7e 0e 41 f6 c0 01
0x0000000057b60b80:   75 57 41 c1 f8 03 41 8b c0 c3 79 4d 80 3d 0e 3f 


Register to memory mapping:

RAX=0x0000000000000000 is an unknown value
RBX=0x00000000f472e088 is an oop

[error occurred during error reporting (printing register info), id 0xc0000005]

Stack: [0x00000000130c0000,0x00000000131c0000],  sp=0x00000000131bf9f8,  free space=1022k
Native frames: (J=compiled Java code, j=interpreted, Vv=VM code, C=native code)


---------------  P R O C E S S  ---------------

Java Threads: ( => current thread )
  0x000000001d142800 JavaThread "Okio Watchdog" daemon [_thread_blocked, id=10552, stack(0x0000000021390000,0x0000000021490000)]
  0x000000001c466000 JavaThread "OkHttp ConnectionPool" daemon [_thread_blocked, id=23520, stack(0x0000000021190000,0x0000000021290000)]
  0x000000001a1de800 JavaThread "Exec Stream Pumper" daemon [_thread_in_native, id=16256, stack(0x0000000020c90000,0x0000000020d90000)]
  0x000000001bd47000 JavaThread "Exec Stream Pumper" daemon [_thread_in_native, id=7284, stack(0x0000000020b90000,0x0000000020c90000)]
  0x000000001d151800 JavaThread "Exec Default Executor" daemon [_thread_in_native, id=3052, stack(0x000000001ca90000,0x000000001cb90000)]
  0x000000001b21e000 JavaThread "ReaderThread" [_thread_in_native, id=824, stack(0x000000001b7c0000,0x000000001b8c0000)]
  0x000000001a180800 JavaThread "Service Thread" daemon [_thread_blocked, id=2628, stack(0x000000001adc0000,0x000000001aec0000)]
  0x000000001a0fb000 JavaThread "C1 CompilerThread3" daemon [_thread_blocked, id=12656, stack(0x000000001acc0000,0x000000001adc0000)]
  0x000000001a0f5000 JavaThread "C2 CompilerThread2" daemon [_thread_blocked, id=896, stack(0x000000001abc0000,0x000000001acc0000)]
  0x000000001a0ed000 JavaThread "C2 CompilerThread1" daemon [_thread_blocked, id=13316, stack(0x000000001aac0000,0x000000001abc0000)]
  0x000000001a0e9800 JavaThread "C2 CompilerThread0" daemon [_thread_blocked, id=15604, stack(0x000000001a9c0000,0x000000001aac0000)]
  0x000000001a0e8800 JavaThread "Attach Listener" daemon [_thread_blocked, id=16204, stack(0x000000001a8c0000,0x000000001a9c0000)]
  0x000000001a0e7000 JavaThread "Signal Dispatcher" daemon [_thread_blocked, id=11520, stack(0x000000001a7c0000,0x000000001a8c0000)]
  0x000000001a0d0800 JavaThread "Finalizer" daemon [_thread_blocked, id=18872, stack(0x000000001a5b0000,0x000000001a6b0000)]
  0x000000000333d800 JavaThread "Reference Handler" daemon [_thread_blocked, id=14720, stack(0x000000001a4b0000,0x000000001a5b0000)]
  0x0000000003245800 JavaThread "main" [_thread_blocked, id=25352, stack(0x0000000003140000,0x0000000003240000)]

Other Threads:
  0x00000000182e9000 VMThread [stack: 0x0000000019fb0000,0x000000001a0b0000] [id=10252]
  0x000000001a19a800 WatcherThread [stack: 0x000000001aec0000,0x000000001afc0000] [id=6720]

=>0x0000000003260000 (exited) GCTaskThread [stack: 0x00000000130c0000,0x00000000131c0000] [id=26788]

VM state:at safepoint (normal execution)

VM Mutex/Monitor currently owned by a thread:  ([mutex/lock_event])
[0x00000000032424d0] Threads_lock - owner thread: 0x00000000182e9000
[0x0000000003241fd0] Heap_lock - owner thread: 0x0000000003245800

Heap:
 PSYoungGen      total 459264K, used 286786K [0x00000000d5f80000, 0x0000000100000000, 0x0000000100000000)
  eden space 229888K, 97% used [0x00000000d5f80000,0x00000000e3b108d8,0x00000000e4000000)
  from space 229376K, 27% used [0x00000000f2000000,0x00000000f5c80000,0x0000000100000000)
  to   space 229376K, 33% used [0x00000000e4000000,0x00000000e8a73b60,0x00000000f2000000)
 ParOldGen       total 1147392K, used 380616K [0x0000000081e00000, 0x00000000c7e80000, 0x00000000d5f80000)
  object space 1147392K, 33% used [0x0000000081e00000,0x00000000991b2250,0x00000000c7e80000)
 Metaspace       used 27969K, capacity 29018K, committed 29312K, reserved 1075200K
  class space    used 3606K, capacity 3851K, committed 3968K, reserved 1048576K

Card table byte_map: [0x0000000012710000,0x0000000012b10000] byte_map_base: 0x0000000012301000

Marking Bits: (ParMarkBitMap*) 0x00000000582d3e30
 Begin Bits: [0x00000000135c0000, 0x0000000015548000)
 End Bits:   [0x0000000015548000, 0x00000000174d0000)

Polling page: 0x0000000003110000

CodeCache: size=245760Kb used=12147Kb max_used=12195Kb free=233612Kb
 bounds [0x0000000003350000, 0x0000000003f50000, 0x0000000012350000]
 total_blobs=4012 nmethods=3571 adapters=353
 compilation: enabled

Compilation events (10 events):
Event: 156.014 Thread 0x000000001a0fb000 4625       3       com.sun.org.apache.xerces.internal.impl.dtd.XMLDTDValidator::setDocumentSource (6 bytes)
Event: 156.014 Thread 0x000000001a0fb000 nmethod 4625 0x0000000003891e90 code [0x0000000003891fe0, 0x0000000003892150]
Event: 156.014 Thread 0x000000001a0fb000 4626       3       com.sun.org.apache.xerces.internal.impl.dtd.XMLDTDValidator::setDocumentHandler (6 bytes)
Event: 156.014 Thread 0x000000001a0fb000 nmethod 4626 0x0000000003f2f510 code [0x0000000003f2f660, 0x0000000003f2f7d0]
Event: 156.014 Thread 0x000000001a0fb000 4622       1       com.sun.org.apache.xerces.internal.jaxp.DocumentBuilderFactoryImpl::isXIncludeAware (5 bytes)
Event: 156.014 Thread 0x000000001a0fb000 nmethod 4622 0x0000000003f34fd0 code [0x0000000003f35120, 0x0000000003f35230]
Event: 156.014 Thread 0x000000001a0fb000 4623       1       com.sun.org.apache.xerces.internal.jaxp.DocumentBuilderFactoryImpl::getSchema (5 bytes)
Event: 156.014 Thread 0x000000001a0fb000 nmethod 4623 0x00000000037294d0 code [0x0000000003729620, 0x0000000003729730]
Event: 156.016 Thread 0x000000001a0fb000 4627       3       org.apache.poi.openxml4j.opc.PackageRelationship::getTargetURI (47 bytes)
Event: 156.017 Thread 0x000000001a0fb000 nmethod 4627 0x00000000037901d0 code [0x00000000037903a0, 0x0000000003790a98]

GC Heap History (10 events):
Event: 154.077 GC heap after
Heap after GC invocations=81 (full 12):
 PSYoungGen      total 459264K, used 32232K [0x00000000d5f80000, 0x0000000100000000, 0x0000000100000000)
  eden space 229888K, 0% used [0x00000000d5f80000,0x00000000d5f80000,0x00000000e4000000)
  from space 229376K, 14% used [0x00000000e4000000,0x00000000e5f7a1c8,0x00000000f2000000)
  to   space 229376K, 0% used [0x00000000f2000000,0x00000000f2000000,0x0000000100000000)
 ParOldGen       total 1203200K, used 897434K [0x0000000081e00000, 0x00000000cb500000, 0x00000000d5f80000)
  object space 1203200K, 74% used [0x0000000081e00000,0x00000000b8a66918,0x00000000cb500000)
 Metaspace       used 27945K, capacity 29018K, committed 29312K, reserved 1075200K
  class space    used 3606K, capacity 3851K, committed 3968K, reserved 1048576K
}
Event: 154.362 GC heap before
{Heap before GC invocations=82 (full 12):
 PSYoungGen      total 459264K, used 262120K [0x00000000d5f80000, 0x0000000100000000, 0x0000000100000000)
  eden space 229888K, 100% used [0x00000000d5f80000,0x00000000e4000000,0x00000000e4000000)
  from space 229376K, 14% used [0x00000000e4000000,0x00000000e5f7a1c8,0x00000000f2000000)
  to   space 229376K, 0% used [0x00000000f2000000,0x00000000f2000000,0x0000000100000000)
 ParOldGen       total 1203200K, used 897434K [0x0000000081e00000, 0x00000000cb500000, 0x00000000d5f80000)
  object space 1203200K, 74% used [0x0000000081e00000,0x00000000b8a66918,0x00000000cb500000)
 Metaspace       used 27959K, capacity 29018K, committed 29312K, reserved 1075200K
  class space    used 3606K, capacity 3851K, committed 3968K, reserved 1048576K
Event: 154.411 GC heap after
Heap after GC invocations=82 (full 12):
 PSYoungGen      total 459264K, used 143584K [0x00000000d5f80000, 0x0000000100000000, 0x0000000100000000)
  eden space 229888K, 0% used [0x00000000d5f80000,0x00000000d5f80000,0x00000000e4000000)
  from space 229376K, 62% used [0x00000000f2000000,0x00000000fac38308,0x0000000100000000)
  to   space 229376K, 0% used [0x00000000e4000000,0x00000000e4000000,0x00000000f2000000)
 ParOldGen       total 1203200K, used 952275K [0x0000000081e00000, 0x00000000cb500000, 0x00000000d5f80000)
  object space 1203200K, 79% used [0x0000000081e00000,0x00000000bbff4fc0,0x00000000cb500000)
 Metaspace       used 27959K, capacity 29018K, committed 29312K, reserved 1075200K
  class space    used 3606K, capacity 3851K, committed 3968K, reserved 1048576K
}
Event: 154.741 GC heap before
{Heap before GC invocations=83 (full 12):
 PSYoungGen      total 459264K, used 373472K [0x00000000d5f80000, 0x0000000100000000, 0x0000000100000000)
  eden space 229888K, 100% used [0x00000000d5f80000,0x00000000e4000000,0x00000000e4000000)
  from space 229376K, 62% used [0x00000000f2000000,0x00000000fac38308,0x0000000100000000)
  to   space 229376K, 0% used [0x00000000e4000000,0x00000000e4000000,0x00000000f2000000)
 ParOldGen       total 1203200K, used 952275K [0x0000000081e00000, 0x00000000cb500000, 0x00000000d5f80000)
  object space 1203200K, 79% used [0x0000000081e00000,0x00000000bbff4fc0,0x00000000cb500000)
 Metaspace       used 27959K, capacity 29018K, committed 29312K, reserved 1075200K
  class space    used 3606K, capacity 3851K, committed 3968K, reserved 1048576K
Event: 154.881 GC heap after
Heap after GC invocations=83 (full 12):
 PSYoungGen      total 459264K, used 167622K [0x00000000d5f80000, 0x0000000100000000, 0x0000000100000000)
  eden space 229888K, 0% used [0x00000000d5f80000,0x00000000d5f80000,0x00000000e4000000)
  from space 229376K, 73% used [0x00000000e4000000,0x00000000ee3b1ae0,0x00000000f2000000)
  to   space 229376K, 0% used [0x00000000f2000000,0x00000000f2000000,0x0000000100000000)
 ParOldGen       total 1203200K, used 1087698K [0x0000000081e00000, 0x00000000cb500000, 0x00000000d5f80000)
  object space 1203200K, 90% used [0x0000000081e00000,0x00000000c4434a88,0x00000000cb500000)
 Metaspace       used 27959K, capacity 29018K, committed 29312K, reserved 1075200K
  class space    used 3606K, capacity 3851K, committed 3968K, reserved 1048576K
}
Event: 154.881 GC heap before
{Heap before GC invocations=84 (full 13):
 PSYoungGen      total 459264K, used 167622K [0x00000000d5f80000, 0x0000000100000000, 0x0000000100000000)
  eden space 229888K, 0% used [0x00000000d5f80000,0x00000000d5f80000,0x00000000e4000000)
  from space 229376K, 73% used [0x00000000e4000000,0x00000000ee3b1ae0,0x00000000f2000000)
  to   space 229376K, 0% used [0x00000000f2000000,0x00000000f2000000,0x0000000100000000)
 ParOldGen       total 1203200K, used 1087698K [0x0000000081e00000, 0x00000000cb500000, 0x00000000d5f80000)
  object space 1203200K, 90% used [0x0000000081e00000,0x00000000c4434a88,0x00000000cb500000)
 Metaspace       used 27959K, capacity 29018K, committed 29312K, reserved 1075200K
  class space    used 3606K, capacity 3851K, committed 3968K, reserved 1048576K
Event: 155.309 GC heap after
Heap after GC invocations=84 (full 13):
 PSYoungGen      total 459264K, used 0K [0x00000000d5f80000, 0x0000000100000000, 0x0000000100000000)
  eden space 229888K, 0% used [0x00000000d5f80000,0x00000000d5f80000,0x00000000e4000000)
  from space 229376K, 0% used [0x00000000e4000000,0x00000000e4000000,0x00000000f2000000)
  to   space 229376K, 0% used [0x00000000f2000000,0x00000000f2000000,0x0000000100000000)
 ParOldGen       total 1147392K, used 318608K [0x0000000081e00000, 0x00000000c7e80000, 0x00000000d5f80000)
  object space 1147392K, 27% used [0x0000000081e00000,0x0000000095524250,0x00000000c7e80000)
 Metaspace       used 27959K, capacity 29018K, committed 29312K, reserved 1075200K
  class space    used 3606K, capacity 3851K, committed 3968K, reserved 1048576K
}
Event: 155.729 GC heap before
{Heap before GC invocations=85 (full 13):
 PSYoungGen      total 459264K, used 229888K [0x00000000d5f80000, 0x0000000100000000, 0x0000000100000000)
  eden space 229888K, 100% used [0x00000000d5f80000,0x00000000e4000000,0x00000000e4000000)
  from space 229376K, 0% used [0x00000000e4000000,0x00000000e4000000,0x00000000f2000000)
  to   space 229376K, 0% used [0x00000000f2000000,0x00000000f2000000,0x0000000100000000)
 ParOldGen       total 1147392K, used 318608K [0x0000000081e00000, 0x00000000c7e80000, 0x00000000d5f80000)
  object space 1147392K, 27% used [0x0000000081e00000,0x0000000095524250,0x00000000c7e80000)
 Metaspace       used 27959K, capacity 29018K, committed 29312K, reserved 1075200K
  class space    used 3606K, capacity 3851K, committed 3968K, reserved 1048576K
Event: 155.771 GC heap after
Heap after GC invocations=85 (full 13):
 PSYoungGen      total 459264K, used 61952K [0x00000000d5f80000, 0x0000000100000000, 0x0000000100000000)
  eden space 229888K, 0% used [0x00000000d5f80000,0x00000000d5f80000,0x00000000e4000000)
  from space 229376K, 27% used [0x00000000f2000000,0x00000000f5c80000,0x0000000100000000)
  to   space 229376K, 0% used [0x00000000e4000000,0x00000000e4000000,0x00000000f2000000)
 ParOldGen       total 1147392K, used 318608K [0x0000000081e00000, 0x00000000c7e80000, 0x00000000d5f80000)
  object space 1147392K, 27% used [0x0000000081e00000,0x0000000095524250,0x00000000c7e80000)
 Metaspace       used 27959K, capacity 29018K, committed 29312K, reserved 1075200K
  class space    used 3606K, capacity 3851K, committed 3968K, reserved 1048576K
}
Event: 156.151 GC heap before
{Heap before GC invocations=86 (full 13):
 PSYoungGen      total 459264K, used 286786K [0x00000000d5f80000, 0x0000000100000000, 0x0000000100000000)
  eden space 229888K, 97% used [0x00000000d5f80000,0x00000000e3b108d8,0x00000000e4000000)
  from space 229376K, 27% used [0x00000000f2000000,0x00000000f5c80000,0x0000000100000000)
  to   space 229376K, 0% used [0x00000000e4000000,0x00000000e4000000,0x00000000f2000000)
 ParOldGen       total 1147392K, used 318608K [0x0000000081e00000, 0x00000000c7e80000, 0x00000000d5f80000)
  object space 1147392K, 27% used [0x0000000081e00000,0x0000000095524250,0x00000000c7e80000)
 Metaspace       used 27969K, capacity 29018K, committed 29312K, reserved 1075200K
  class space    used 3606K, capacity 3851K, committed 3968K, reserved 1048576K

Deoptimization events (10 events):
Event: 21.336 Thread 0x0000000003245800 Uncommon trap: reason=bimorphic action=maybe_recompile pc=0x0000000003b7fbe0 method=java.util.regex.Pattern$BranchConn.match(Ljava/util/regex/Matcher;ILjava/lang/CharSequence;)Z @ 7
Event: 21.337 Thread 0x0000000003245800 Uncommon trap: reason=bimorphic action=maybe_recompile pc=0x0000000003b7fbe0 method=java.util.regex.Pattern$BranchConn.match(Ljava/util/regex/Matcher;ILjava/lang/CharSequence;)Z @ 7
Event: 21.337 Thread 0x0000000003245800 Uncommon trap: reason=bimorphic action=maybe_recompile pc=0x0000000003b7fbe0 method=java.util.regex.Pattern$BranchConn.match(Ljava/util/regex/Matcher;ILjava/lang/CharSequence;)Z @ 7
Event: 21.337 Thread 0x0000000003245800 Uncommon trap: reason=bimorphic action=maybe_recompile pc=0x0000000003b9e690 method=java.util.regex.Pattern$BranchConn.match(Ljava/util/regex/Matcher;ILjava/lang/CharSequence;)Z @ 7
Event: 44.641 Thread 0x0000000003245800 Uncommon trap: reason=unstable_if action=reinterpret pc=0x00000000036bf99c method=java.util.HashMap$HashIterator.<init>(Ljava/util/HashMap;)V @ 45
Event: 44.642 Thread 0x0000000003245800 Uncommon trap: reason=unstable_if action=reinterpret pc=0x0000000003a0d4b0 method=java.util.HashMap$HashIterator.<init>(Ljava/util/HashMap;)V @ 45
Event: 138.286 Thread 0x0000000003245800 Uncommon trap: reason=unstable_if action=reinterpret pc=0x0000000003489e60 method=java.util.regex.Pattern$Dot.isSatisfiedBy(I)Z @ 9
Event: 138.296 Thread 0x0000000003245800 Uncommon trap: reason=class_check action=maybe_recompile pc=0x0000000003ba2050 method=java.util.stream.ForEachOps$ForEachOp$OfRef.accept(Ljava/lang/Object;)V @ 5
Event: 149.199 Thread 0x0000000003245800 Uncommon trap: reason=unstable_if action=reinterpret pc=0x0000000003e886f4 method=java.util.regex.Pattern$Dot.isSatisfiedBy(I)Z @ 3
Event: 149.204 Thread 0x0000000003245800 Uncommon trap: reason=class_check action=maybe_recompile pc=0x0000000003ba2050 method=java.util.stream.ForEachOps$ForEachOp$OfRef.accept(Ljava/lang/Object;)V @ 5

Classes redefined (0 events):
No events

Internal exceptions (10 events):
Event: 135.592 Thread 0x0000000003245800 Exception <a 'java/net/SocketTimeoutException': Read timed out> (0x00000000e38556e0) thrown at [C:\re\workspace\8-2-build-windows-amd64-cygwin\jdk8u191\11896\hotspot\src\share\vm\prims\jni.cpp, line 735]
Event: 136.115 Thread 0x0000000003245800 Exception <a 'java/net/SocketTimeoutException': Read timed out> (0x00000000e3867638) thrown at [C:\re\workspace\8-2-build-windows-amd64-cygwin\jdk8u191\11896\hotspot\src\share\vm\prims\jni.cpp, line 735]
Event: 136.650 Thread 0x0000000003245800 Exception <a 'java/net/SocketTimeoutException': Read timed out> (0x00000000e3879590) thrown at [C:\re\workspace\8-2-build-windows-amd64-cygwin\jdk8u191\11896\hotspot\src\share\vm\prims\jni.cpp, line 735]
Event: 137.168 Thread 0x0000000003245800 Exception <a 'java/net/SocketTimeoutException': Read timed out> (0x00000000e388b4e8) thrown at [C:\re\workspace\8-2-build-windows-amd64-cygwin\jdk8u191\11896\hotspot\src\share\vm\prims\jni.cpp, line 735]
Event: 137.701 Thread 0x0000000003245800 Exception <a 'java/net/SocketTimeoutException': Read timed out> (0x00000000e389d440) thrown at [C:\re\workspace\8-2-build-windows-amd64-cygwin\jdk8u191\11896\hotspot\src\share\vm\prims\jni.cpp, line 735]
Event: 138.229 Thread 0x0000000003245800 Exception <a 'java/net/SocketTimeoutException': Read timed out> (0x00000000e3d2cdd0) thrown at [C:\re\workspace\8-2-build-windows-amd64-cygwin\jdk8u191\11896\hotspot\src\share\vm\prims\jni.cpp, line 735]
Event: 138.258 Thread 0x0000000003245800 Exception <a 'java/lang/NoSuchMethodError': java.lang.Object.lambda$comparing$77a9974f$1(Ljava/util/function/Function;Ljava/lang/Object;Ljava/lang/Object;)I> (0x00000000e3d3c400) thrown at [C:\re\workspace\8-2-build-windows-amd64-cygwin\jdk8u191\11896\hot
Event: 138.271 Thread 0x0000000003245800 Exception <a 'java/lang/reflect/InvocationTargetException'> (0x00000000e3d5ffe8) thrown at [C:\re\workspace\8-2-build-windows-amd64-cygwin\jdk8u191\11896\hotspot\src\share\vm\runtime\reflection.cpp, line 1092]
Event: 149.159 Thread 0x0000000003245800 Exception <a 'java/net/SocketTimeoutException': Read timed out> (0x00000000d90fea38) thrown at [C:\re\workspace\8-2-build-windows-amd64-cygwin\jdk8u191\11896\hotspot\src\share\vm\prims\jni.cpp, line 735]
Event: 149.195 Thread 0x0000000003245800 Exception <a 'java/lang/reflect/InvocationTargetException'> (0x00000000d9146dd0) thrown at [C:\re\workspace\8-2-build-windows-amd64-cygwin\jdk8u191\11896\hotspot\src\share\vm\runtime\reflection.cpp, line 1092]

Events (10 events):
Event: 156.012 Thread 0x000000001a0fb000 flushing nmethod 0x0000000003bc9110
Event: 156.012 Thread 0x000000001a0fb000 flushing nmethod 0x0000000003c2c410
Event: 156.012 Thread 0x000000001a0fb000 flushing nmethod 0x0000000003c4dcd0
Event: 156.013 Thread 0x000000001a0fb000 flushing nmethod 0x0000000003c7e050
Event: 156.013 loading class org/apache/xerces/util/SecurityManager
Event: 156.013 loading class org/apache/xerces/util/SecurityManager done
Event: 156.013 Thread 0x000000001a0fb000 flushing nmethod 0x0000000003dee010
Event: 156.015 loading class org/apache/xerces/util/SecurityManager
Event: 156.015 loading class org/apache/xerces/util/SecurityManager done
Event: 156.151 Executing VM operation: ParallelGCFailedAllocation


Dynamic libraries:
0x00007ff7be270000 - 0x00007ff7be2a7000 	C:\Program Files\Java\jdk1.8.0_191\bin\javaw.exe
0x00007ff8d39e0000 - 0x00007ff8d3bd0000 	C:\WINDOWS\SYSTEM32\ntdll.dll
0x00007ff8d3240000 - 0x00007ff8d32f2000 	C:\WINDOWS\System32\KERNEL32.DLL
0x00007ff8d1060000 - 0x00007ff8d1304000 	C:\WINDOWS\System32\KERNELBASE.dll
0x00007ff8d3020000 - 0x00007ff8d30c3000 	C:\WINDOWS\System32\ADVAPI32.dll
0x00007ff8d2b20000 - 0x00007ff8d2bbe000 	C:\WINDOWS\System32\msvcrt.dll
0x00007ff8d31a0000 - 0x00007ff8d3237000 	C:\WINDOWS\System32\sechost.dll
0x00007ff8d1ad0000 - 0x00007ff8d1bf0000 	C:\WINDOWS\System32\RPCRT4.dll
0x00007ff8d2bd0000 - 0x00007ff8d2d64000 	C:\WINDOWS\System32\USER32.dll
0x00007ff8d09c0000 - 0x00007ff8d09e1000 	C:\WINDOWS\System32\win32u.dll
0x00007ff8d2f20000 - 0x00007ff8d2f46000 	C:\WINDOWS\System32\GDI32.dll
0x00007ff8d0cc0000 - 0x00007ff8d0e54000 	C:\WINDOWS\System32\gdi32full.dll
0x00007ff8d0b40000 - 0x00007ff8d0bde000 	C:\WINDOWS\System32\msvcp_win.dll
0x00007ff8d0e60000 - 0x00007ff8d0f5a000 	C:\WINDOWS\System32\ucrtbase.dll
0x00007ff8cfd50000 - 0x00007ff8cffd4000 	C:\WINDOWS\WinSxS\amd64_microsoft.windows.common-controls_6595b64144ccf1df_6.0.18362.836_none_e6c4b943130f18ed\COMCTL32.dll
0x00007ff8d3660000 - 0x00007ff8d3996000 	C:\WINDOWS\System32\combase.dll
0x00007ff8d0f80000 - 0x00007ff8d1000000 	C:\WINDOWS\System32\bcryptPrimitives.dll
0x00007ff8d1aa0000 - 0x00007ff8d1ace000 	C:\WINDOWS\System32\IMM32.DLL
0x000000005a860000 - 0x000000005a932000 	C:\Program Files\Java\jdk1.8.0_191\jre\bin\msvcr100.dll
0x0000000057ab0000 - 0x0000000058354000 	C:\Program Files\Java\jdk1.8.0_191\jre\bin\server\jvm.dll
0x00007ff8d1a90000 - 0x00007ff8d1a98000 	C:\WINDOWS\System32\PSAPI.DLL
0x00007ff8c96c0000 - 0x00007ff8c96c9000 	C:\WINDOWS\SYSTEM32\WSOCK32.dll
0x00007ff8cdb00000 - 0x00007ff8cdb24000 	C:\WINDOWS\SYSTEM32\WINMM.dll
0x00007ff8c3120000 - 0x00007ff8c312a000 	C:\WINDOWS\SYSTEM32\VERSION.dll
0x00007ff8d2fb0000 - 0x00007ff8d301f000 	C:\WINDOWS\System32\WS2_32.dll
0x00007ff8cd680000 - 0x00007ff8cd6ad000 	C:\WINDOWS\SYSTEM32\WINMMBASE.dll
0x00007ff8d0970000 - 0x00007ff8d09ba000 	C:\WINDOWS\System32\cfgmgr32.dll
0x000000005b7c0000 - 0x000000005b7cf000 	C:\Program Files\Java\jdk1.8.0_191\jre\bin\verify.dll
0x000000005b460000 - 0x000000005b489000 	C:\Program Files\Java\jdk1.8.0_191\jre\bin\java.dll
0x000000005b270000 - 0x000000005b286000 	C:\Program Files\Java\jdk1.8.0_191\jre\bin\zip.dll
0x00007ff8d1ee0000 - 0x00007ff8d25c4000 	C:\WINDOWS\System32\SHELL32.dll
0x00007ff8d3320000 - 0x00007ff8d33c9000 	C:\WINDOWS\System32\shcore.dll
0x00007ff8d1310000 - 0x00007ff8d1a8e000 	C:\WINDOWS\System32\windows.storage.dll
0x00007ff8d08f0000 - 0x00007ff8d0913000 	C:\WINDOWS\System32\profapi.dll
0x00007ff8d0920000 - 0x00007ff8d096a000 	C:\WINDOWS\System32\powrprof.dll
0x00007ff8d08a0000 - 0x00007ff8d08b0000 	C:\WINDOWS\System32\UMPDC.dll
0x00007ff8d2f50000 - 0x00007ff8d2fa2000 	C:\WINDOWS\System32\shlwapi.dll
0x00007ff8d08d0000 - 0x00007ff8d08e1000 	C:\WINDOWS\System32\kernel.appcore.dll
0x00007ff8d0f60000 - 0x00007ff8d0f77000 	C:\WINDOWS\System32\cryptsp.dll
0x000000005b250000 - 0x000000005b26a000 	C:\Program Files\Java\jdk1.8.0_191\jre\bin\net.dll
0x00007ff8cfa30000 - 0x00007ff8cfa97000 	C:\WINDOWS\system32\mswsock.dll
0x00007ff8cf780000 - 0x00007ff8cf84b000 	C:\WINDOWS\SYSTEM32\DNSAPI.dll
0x00007ff8d1e20000 - 0x00007ff8d1e28000 	C:\WINDOWS\System32\NSI.dll
0x00007ff8cf740000 - 0x00007ff8cf77a000 	C:\WINDOWS\SYSTEM32\IPHLPAPI.DLL
0x00007ff8bef10000 - 0x00007ff8bef1a000 	C:\Windows\System32\rasadhlp.dll
0x00007ff8c20c0000 - 0x00007ff8c2137000 	C:\WINDOWS\System32\fwpuclnt.dll
0x00007ff8d0c90000 - 0x00007ff8d0cb6000 	C:\WINDOWS\System32\bcrypt.dll
0x000000005b1e0000 - 0x000000005b204000 	C:\Program Files\Java\jdk1.8.0_191\jre\bin\sunec.dll
0x000000005b450000 - 0x000000005b45b000 	C:\Program Files\Java\jdk1.8.0_191\jre\bin\sunmscapi.dll
0x00007ff8d09f0000 - 0x00007ff8d0b39000 	C:\WINDOWS\System32\CRYPT32.dll
0x00007ff8d08b0000 - 0x00007ff8d08c2000 	C:\WINDOWS\System32\MSASN1.dll
0x00007ff8c2890000 - 0x00007ff8c28a6000 	C:\WINDOWS\SYSTEM32\dhcpcsvc6.DLL
0x00007ff8c2a90000 - 0x00007ff8c2aac000 	C:\WINDOWS\SYSTEM32\dhcpcsvc.DLL
0x000000005b0e0000 - 0x000000005b0f1000 	C:\Program Files\Java\jdk1.8.0_191\jre\bin\nio.dll
0x00007ff8cf5a0000 - 0x00007ff8cf5d3000 	C:\WINDOWS\system32\rsaenh.dll
0x00007ff8d07c0000 - 0x00007ff8d07e5000 	C:\WINDOWS\SYSTEM32\USERENV.dll
0x00007ff8cfc00000 - 0x00007ff8cfc0c000 	C:\WINDOWS\SYSTEM32\CRYPTBASE.dll
0x00007ff8b4350000 - 0x00007ff8b4366000 	C:\WINDOWS\system32\napinsp.dll
0x00007ff8aeb40000 - 0x00007ff8aeb5a000 	C:\WINDOWS\system32\pnrpnsp.dll
0x00007ff8c9680000 - 0x00007ff8c9695000 	C:\WINDOWS\system32\wshbth.dll
0x00007ff8cc260000 - 0x00007ff8cc27c000 	C:\WINDOWS\system32\NLAapi.dll
0x00007ff8b8050000 - 0x00007ff8b805e000 	C:\WINDOWS\System32\winrnr.dll
0x00007ff8d03c0000 - 0x00007ff8d05b4000 	C:\WINDOWS\SYSTEM32\dbghelp.dll

VM Arguments:
jvm_args: -ea -Dfile.encoding=UTF-8 
java_command: org.eclipse.jdt.internal.junit.runner.RemoteTestRunner -version 3 -port 60292 -testLoaderClass org.eclipse.jdt.internal.junit4.runner.JUnit4TestLoader -loaderpluginname org.eclipse.jdt.junit4.runtime -classNames com.Pathway.TestRunner.TestRunnerclass
java_class_path (initial): E:\repositeryforgit\Pathway_Automation\Pathway\target\test-classes;E:\repositeryforgit\Pathway_Automation\Pathway\target\classes;D:\Documents\pathway\pathwayjar.jar;C:\Users\saiku\.m2\repository\org\seleniumhq\selenium\selenium-java\3.14.0\selenium-java-3.14.0.jar;C:\Users\saiku\.m2\repository\org\seleniumhq\selenium\selenium-api\3.14.0\selenium-api-3.14.0.jar;C:\Users\saiku\.m2\repository\org\seleniumhq\selenium\selenium-chrome-driver\3.14.0\selenium-chrome-driver-3.14.0.jar;C:\Users\saiku\.m2\repository\org\seleniumhq\selenium\selenium-edge-driver\3.14.0\selenium-edge-driver-3.14.0.jar;C:\Users\saiku\.m2\repository\org\seleniumhq\selenium\selenium-firefox-driver\3.14.0\selenium-firefox-driver-3.14.0.jar;C:\Users\saiku\.m2\repository\org\seleniumhq\selenium\selenium-ie-driver\3.14.0\selenium-ie-driver-3.14.0.jar;C:\Users\saiku\.m2\repository\org\seleniumhq\selenium\selenium-opera-driver\3.14.0\selenium-opera-driver-3.14.0.jar;C:\Users\saiku\.m2\repository\org\seleniumhq\selenium\selenium-remote-driver\3.14.0\selenium-remote-driver-3.14.0.jar;C:\Users\saiku\.m2\repository\org\seleniumhq\selenium\selenium-safari-driver\3.14.0\selenium-safari-driver-3.14.0.jar;C:\Users\saiku\.m2\repository\org\seleniumhq\selenium\selenium-support\3.14.0\selenium-support-3.14.0.jar;C:\Users\saiku\.m2\repository\net\bytebuddy\byte-buddy\1.8.15\byte-buddy-1.8.15.jar;C:\Users\saiku\.m2\repository\org\apache\commons\commons-exec\1.3\commons-exec-1.3.jar;C:\Users\saiku\.m2\repository\commons-codec\commons-codec\1.10\commons-codec-1.10.jar;C:\Users\saiku\.m2\repository\commons-logging\commons-logging\1.2\commons-logging-1.2.jar;C:\Users\saiku\.m2\repository\com\google\guava\guava\25.0-jre\guava-25.0-jre.jar;C:\Users\saiku\.m2\repository\com\google\code\findbugs\jsr305\1.3.9\jsr305-1.3.9.jar;C:\Users\saiku\.m2\repository\org\checkerframework\checker-compat-qual\2.0.0\checker-compat-qual-2.0.0.jar;C:\Users\saiku\.m2\repository\com\google\errorprone\error_prone_anno
Launcher Type: SUN_STANDARD

Environment Variables:
JAVA_HOME=C:\Program Files\Java\jdk1.8.0_191
PATH=C:/Program Files/Java/jre1.8.0_191/bin/server;C:/Program Files/Java/jre1.8.0_191/bin;C:/Program Files/Java/jre1.8.0_191/lib/amd64;C:\Program Files (x86)\Common Files\Oracle\Java\javapath;C:\WINDOWS\system32;C:\WINDOWS;C:\WINDOWS\System32\Wbem;C:\WINDOWS\System32\WindowsPowerShell\v1.0\;C:\WINDOWS\System32\OpenSSH\;C:\Program Files\Java\jdk1.8.0_191\bin;C:\Users\saiku\Downloads\apache-maven-3.6.3-bin\apache-maven-3.6.3\bin;C:\Users\saiku\AppData\Local\Microsoft\WindowsApps;;C:\Users\saiku\Downloads\eclipse-java-photon-R-win32-x86_64\eclipse;
USERNAME=saiku
OS=Windows_NT
PROCESSOR_IDENTIFIER=Intel64 Family 6 Model 142 Stepping 11, GenuineIntel



---------------  S Y S T E M  ---------------

OS: Windows 10.0 , 64 bit Build 18362 (10.0.18362.778)

CPU:total 8 (initial active 8) (4 cores per cpu, 2 threads per core) family 6 model 142 stepping 11, cmov, cx8, fxsr, mmx, sse, sse2, sse3, ssse3, sse4.1, sse4.2, popcnt, avx, avx2, aes, clmul, erms, 3dnowpref, lzcnt, ht, tsc, tscinvbit, bmi1, bmi2, adx

Memory: 4k page, physical 8264924k(1118252k free), swap 12403392k(2199092k free)

vm_info: Java HotSpot(TM) 64-Bit Server VM (25.191-b12) for windows-amd64 JRE (1.8.0_191-b12), built on Oct  6 2018 09:29:03 by "java_re" with MS VC++ 10.0 (VS2010)

time: Fri May 29 14:12:44 2020
elapsed time: 156 seconds (0d 0h 2m 36s)

