#
# A fatal error has been detected by the Java Runtime Environment:
#
#  EXCEPTION_ACCESS_VIOLATION (0xc0000005) at pc=0x0000000058410b70, pid=11944, tid=0x00000000000028f0
#
# JRE version: Java(TM) SE Runtime Environment (8.0_191-b12) (build 1.8.0_191-b12)
# Java VM: Java HotSpot(TM) 64-Bit Server VM (25.191-b12 mixed mode windows-amd64 compressed oops)
# Problematic frame:
# V  [jvm.dll+0xb0b70]
#
# Failed to write core dump. Minidumps are not enabled by default on client versions of Windows
#
# If you would like to submit a bug report, please visit:
#   http://bugreport.java.com/bugreport/crash.jsp
#

---------------  T H R E A D  ---------------

Current thread (0x0000000003238800):  GCTaskThread [stack: 0x0000000013560000,0x0000000013660000] [id=10480]

siginfo: ExceptionCode=0xc0000005, reading address 0x0000000000000008

Registers:
RAX=0x0000000000000000, RBX=0x00000000fa680c40, RCX=0x00000000fa680c40, RDX=0x0000000000000000
RSP=0x000000001365f6b8, RBP=0x0000000000000000, RSI=0x0000000018355d80, RDI=0x000000001ccfa8c0
R8 =0x0000000018355d80, R9 =0x0000000000000081, R10=0x0000000000000001, R11=0x00000000c7dbd000
R12=0x00000000589bb3b8, R13=0x822b8ad8bbe48308, R14=0x0000000000000000, R15=0x0000000003238f40
RIP=0x0000000058410b70, EFLAGS=0x0000000000010246

Top of Stack: (sp=0x000000001365f6b8)
0x000000001365f6b8:   0000000058763302 00000000fa954a30
0x000000001365f6c8:   000000000000000c 0000000018355d80
0x000000001365f6d8:   00007ff8d1098b03 00000000ea8403b0
0x000000001365f6e8:   0000000000001000 00000000c7dbb9e0
0x000000001365f6f8:   0000000000000400 0000000000000000
0x000000001365f708:   0000000003234801 00000000589bb3b8
0x000000001365f718:   0000000058763670 00000000c7dbd044
0x000000001365f728:   0000000000000000 0000000018355d80
0x000000001365f738:   000000001ccfa8c0 00000000c7dbd044
0x000000001365f748:   0000000058764045 000000000000000d
0x000000001365f758:   00000000589bb3b8 00000000c7d99e00
0x000000001365f768:   0000000058763581 00000000fa913230
0x000000001365f778:   000000000000000c 0000000018355d80
0x000000001365f788:   0003eaa10001dd40 0000000000000400
0x000000001365f798:   0003eaa10001dd41 0003eaa10001dd42
0x000000001365f7a8:   0003eaa10001dd40 0000000003238f30 

Instructions: (pc=0x0000000058410b70)
0x0000000058410b50:   2c cd 1d 00 48 8b 9c 24 d0 00 00 00 48 81 c4 c0
0x0000000058410b60:   00 00 00 5d c3 cc cc cc cc cc cc cc cc cc cc cc
0x0000000058410b70:   44 8b 42 08 4c 8b ca 45 85 c0 7e 0e 41 f6 c0 01
0x0000000058410b80:   75 57 41 c1 f8 03 41 8b c0 c3 79 4d 80 3d 0e 3f 


Register to memory mapping:

RAX=0x0000000000000000 is an unknown value
RBX=0x00000000fa680c40 is an oop

[error occurred during error reporting (printing register info), id 0xc0000005]

Stack: [0x0000000013560000,0x0000000013660000],  sp=0x000000001365f6b8,  free space=1021k
Native frames: (J=compiled Java code, j=interpreted, Vv=VM code, C=native code)


---------------  P R O C E S S  ---------------

Java Threads: ( => current thread )
  0x000000001ba84800 JavaThread "Okio Watchdog" daemon [_thread_blocked, id=17284, stack(0x0000000020280000,0x0000000020380000)]
  0x000000001c7ee800 JavaThread "OkHttp ConnectionPool" daemon [_thread_blocked, id=6916, stack(0x0000000020080000,0x0000000020180000)]
  0x000000001ba85000 JavaThread "Exec Stream Pumper" daemon [_thread_in_native, id=2436, stack(0x000000001fb80000,0x000000001fc80000)]
  0x000000001d25a800 JavaThread "Exec Stream Pumper" daemon [_thread_in_native, id=16376, stack(0x000000001e330000,0x000000001e430000)]
  0x000000001d5ad000 JavaThread "UrlChecker-2" daemon [_thread_blocked, id=620, stack(0x000000001dc00000,0x000000001dd00000)]
  0x000000001cf0f000 JavaThread "Exec Default Executor" daemon [_thread_in_native, id=1152, stack(0x000000001cb20000,0x000000001cc20000)]
  0x000000001b2e2000 JavaThread "ReaderThread" [_thread_in_native, id=8224, stack(0x000000001b850000,0x000000001b950000)]
  0x000000001a31f000 JavaThread "Service Thread" daemon [_thread_blocked, id=23328, stack(0x000000001ae50000,0x000000001af50000)]
  0x000000001a296000 JavaThread "C1 CompilerThread3" daemon [_thread_blocked, id=22356, stack(0x000000001ad50000,0x000000001ae50000)]
  0x000000001a287800 JavaThread "C2 CompilerThread2" daemon [_thread_blocked, id=2844, stack(0x000000001ac50000,0x000000001ad50000)]
  0x000000001a285800 JavaThread "C2 CompilerThread1" daemon [_thread_blocked, id=13916, stack(0x000000001ab50000,0x000000001ac50000)]
  0x000000001a280800 JavaThread "C2 CompilerThread0" daemon [_thread_blocked, id=25860, stack(0x000000001aa50000,0x000000001ab50000)]
  0x000000001a27f000 JavaThread "Attach Listener" daemon [_thread_blocked, id=11908, stack(0x000000001a950000,0x000000001aa50000)]
  0x000000001a27e000 JavaThread "Signal Dispatcher" daemon [_thread_blocked, id=13980, stack(0x000000001a850000,0x000000001a950000)]
  0x000000001a270800 JavaThread "Finalizer" daemon [_thread_blocked, id=7348, stack(0x000000001a650000,0x000000001a750000)]
  0x000000000330b000 JavaThread "Reference Handler" daemon [_thread_blocked, id=13376, stack(0x000000001a150000,0x000000001a250000)]
  0x0000000003214800 JavaThread "main" [_thread_blocked, id=1324, stack(0x0000000003080000,0x0000000003180000)]

Other Threads:
  0x0000000018359800 VMThread [stack: 0x000000001a050000,0x000000001a150000] [id=19944]
  0x000000001a350000 WatcherThread [stack: 0x000000001af50000,0x000000001b050000] [id=19596]

=>0x0000000003238800 (exited) GCTaskThread [stack: 0x0000000013560000,0x0000000013660000] [id=10480]

VM state:at safepoint (normal execution)

VM Mutex/Monitor currently owned by a thread:  ([mutex/lock_event])
[0x0000000003211a50] Threads_lock - owner thread: 0x0000000018359800
[0x0000000003211e50] Heap_lock - owner thread: 0x0000000003214800

Heap:
 PSYoungGen      total 459264K, used 424676K [0x00000000d5f80000, 0x0000000100000000, 0x0000000100000000)
  eden space 229888K, 100% used [0x00000000d5f80000,0x00000000e4000000,0x00000000e4000000)
  from space 229376K, 84% used [0x00000000f2000000,0x00000000fde391d0,0x0000000100000000)
  to   space 229376K, 46% used [0x00000000e4000000,0x00000000ea8a83b0,0x00000000f2000000)
 ParOldGen       total 1377792K, used 1154726K [0x0000000081e00000, 0x00000000d5f80000, 0x00000000d5f80000)
  object space 1377792K, 83% used [0x0000000081e00000,0x00000000c85a9ad0,0x00000000d5f80000)
 Metaspace       used 24977K, capacity 25852K, committed 26112K, reserved 1071104K
  class space    used 3306K, capacity 3536K, committed 3584K, reserved 1048576K

Card table byte_map: [0x00000000127b0000,0x0000000012bb0000] byte_map_base: 0x00000000123a1000

Marking Bits: (ParMarkBitMap*) 0x0000000058b83e30
 Begin Bits: [0x0000000013660000, 0x00000000155e8000)
 End Bits:   [0x00000000155e8000, 0x0000000017570000)

Polling page: 0x0000000001370000

CodeCache: size=245760Kb used=10596Kb max_used=10610Kb free=235163Kb
 bounds [0x00000000033f0000, 0x0000000003e70000, 0x00000000123f0000]
 total_blobs=3351 nmethods=2921 adapters=342
 compilation: enabled

Compilation events (10 events):
Event: 43.351 Thread 0x000000001a296000 nmethod 3951 0x00000000035d3c10 code [0x00000000035d3dc0, 0x00000000035d42e8]
Event: 43.351 Thread 0x000000001a296000 3952       3       org.apache.commons.compress.archivers.zip.ZipUtil::dosToJavaTime (106 bytes)
Event: 43.352 Thread 0x000000001a296000 nmethod 3952 0x0000000003cb34d0 code [0x0000000003cb3760, 0x0000000003cb4878]
Event: 43.432 Thread 0x000000001a287800 nmethod 3934 0x0000000003e5d850 code [0x0000000003e5dae0, 0x0000000003e5fd50]
Event: 43.524 Thread 0x000000001a296000 3956       3       com.sun.org.apache.xerces.internal.util.EntityResolverWrapper::setEntityResolver (6 bytes)
Event: 43.525 Thread 0x000000001a296000 nmethod 3956 0x0000000003cb3190 code [0x0000000003cb32e0, 0x0000000003cb3450]
Event: 43.527 Thread 0x000000001a280800 3957   !   4       com.sun.org.apache.xerces.internal.parsers.XML11Configuration::setProperty (172 bytes)
Event: 43.689 Thread 0x000000001a280800 nmethod 3957 0x0000000003e61a10 code [0x0000000003e61c40, 0x0000000003e634c8]
Event: 44.951 Thread 0x000000001a285800 3958       4       org.apache.xmlbeans.impl.store.CharUtil$CharJoin::isValid (89 bytes)
Event: 44.961 Thread 0x000000001a285800 nmethod 3958 0x00000000038ff350 code [0x00000000038ff500, 0x00000000038ff9c8]

GC Heap History (10 events):
Event: 42.158 GC heap after
Heap after GC invocations=100 (full 14):
 PSYoungGen      total 459264K, used 154950K [0x00000000d5f80000, 0x0000000100000000, 0x0000000100000000)
  eden space 229888K, 0% used [0x00000000d5f80000,0x00000000d5f80000,0x00000000e4000000)
  from space 229376K, 67% used [0x00000000f2000000,0x00000000fb751880,0x0000000100000000)
  to   space 229376K, 0% used [0x00000000e4000000,0x00000000e4000000,0x00000000f2000000)
 ParOldGen       total 1377792K, used 643994K [0x0000000081e00000, 0x00000000d5f80000, 0x00000000d5f80000)
  object space 1377792K, 46% used [0x0000000081e00000,0x00000000a92e69b0,0x00000000d5f80000)
 Metaspace       used 24952K, capacity 25852K, committed 26112K, reserved 1071104K
  class space    used 3306K, capacity 3536K, committed 3584K, reserved 1048576K
}
Event: 42.827 GC heap before
{Heap before GC invocations=101 (full 14):
 PSYoungGen      total 459264K, used 384838K [0x00000000d5f80000, 0x0000000100000000, 0x0000000100000000)
  eden space 229888K, 100% used [0x00000000d5f80000,0x00000000e4000000,0x00000000e4000000)
  from space 229376K, 67% used [0x00000000f2000000,0x00000000fb751880,0x0000000100000000)
  to   space 229376K, 0% used [0x00000000e4000000,0x00000000e4000000,0x00000000f2000000)
 ParOldGen       total 1377792K, used 643994K [0x0000000081e00000, 0x00000000d5f80000, 0x00000000d5f80000)
  object space 1377792K, 46% used [0x0000000081e00000,0x00000000a92e69b0,0x00000000d5f80000)
 Metaspace       used 24952K, capacity 25852K, committed 26112K, reserved 1071104K
  class space    used 3306K, capacity 3536K, committed 3584K, reserved 1048576K
Event: 42.960 GC heap after
Heap after GC invocations=101 (full 14):
 PSYoungGen      total 459264K, used 64928K [0x00000000d5f80000, 0x0000000100000000, 0x0000000100000000)
  eden space 229888K, 0% used [0x00000000d5f80000,0x00000000d5f80000,0x00000000e4000000)
  from space 229376K, 28% used [0x00000000e4000000,0x00000000e7f68000,0x00000000f2000000)
  to   space 229376K, 0% used [0x00000000f2000000,0x00000000f2000000,0x0000000100000000)
 ParOldGen       total 1377792K, used 789563K [0x0000000081e00000, 0x00000000d5f80000, 0x00000000d5f80000)
  object space 1377792K, 57% used [0x0000000081e00000,0x00000000b210ef20,0x00000000d5f80000)
 Metaspace       used 24952K, capacity 25852K, committed 26112K, reserved 1071104K
  class space    used 3306K, capacity 3536K, committed 3584K, reserved 1048576K
}
Event: 43.582 GC heap before
{Heap before GC invocations=102 (full 14):
 PSYoungGen      total 459264K, used 294816K [0x00000000d5f80000, 0x0000000100000000, 0x0000000100000000)
  eden space 229888K, 100% used [0x00000000d5f80000,0x00000000e4000000,0x00000000e4000000)
  from space 229376K, 28% used [0x00000000e4000000,0x00000000e7f68000,0x00000000f2000000)
  to   space 229376K, 0% used [0x00000000f2000000,0x00000000f2000000,0x0000000100000000)
 ParOldGen       total 1377792K, used 789563K [0x0000000081e00000, 0x00000000d5f80000, 0x00000000d5f80000)
  object space 1377792K, 57% used [0x0000000081e00000,0x00000000b210ef20,0x00000000d5f80000)
 Metaspace       used 24977K, capacity 25852K, committed 26112K, reserved 1071104K
  class space    used 3306K, capacity 3536K, committed 3584K, reserved 1048576K
Event: 43.686 GC heap after
Heap after GC invocations=102 (full 14):
 PSYoungGen      total 459264K, used 73070K [0x00000000d5f80000, 0x0000000100000000, 0x0000000100000000)
  eden space 229888K, 0% used [0x00000000d5f80000,0x00000000d5f80000,0x00000000e4000000)
  from space 229376K, 31% used [0x00000000f2000000,0x00000000f675b9f0,0x0000000100000000)
  to   space 229376K, 0% used [0x00000000e4000000,0x00000000e4000000,0x00000000f2000000)
 ParOldGen       total 1377792K, used 854587K [0x0000000081e00000, 0x00000000d5f80000, 0x00000000d5f80000)
  object space 1377792K, 62% used [0x0000000081e00000,0x00000000b608ef20,0x00000000d5f80000)
 Metaspace       used 24977K, capacity 25852K, committed 26112K, reserved 1071104K
  class space    used 3306K, capacity 3536K, committed 3584K, reserved 1048576K
}
Event: 43.914 GC heap before
{Heap before GC invocations=103 (full 14):
 PSYoungGen      total 459264K, used 302958K [0x00000000d5f80000, 0x0000000100000000, 0x0000000100000000)
  eden space 229888K, 100% used [0x00000000d5f80000,0x00000000e4000000,0x00000000e4000000)
  from space 229376K, 31% used [0x00000000f2000000,0x00000000f675b9f0,0x0000000100000000)
  to   space 229376K, 0% used [0x00000000e4000000,0x00000000e4000000,0x00000000f2000000)
 ParOldGen       total 1377792K, used 854587K [0x0000000081e00000, 0x00000000d5f80000, 0x00000000d5f80000)
  object space 1377792K, 62% used [0x0000000081e00000,0x00000000b608ef20,0x00000000d5f80000)
 Metaspace       used 24977K, capacity 25852K, committed 26112K, reserved 1071104K
  class space    used 3306K, capacity 3536K, committed 3584K, reserved 1048576K
Event: 43.984 GC heap after
Heap after GC invocations=103 (full 14):
 PSYoungGen      total 459264K, used 7739K [0x00000000d5f80000, 0x0000000100000000, 0x0000000100000000)
  eden space 229888K, 0% used [0x00000000d5f80000,0x00000000d5f80000,0x00000000e4000000)
  from space 229376K, 3% used [0x00000000e4000000,0x00000000e478ee68,0x00000000f2000000)
  to   space 229376K, 0% used [0x00000000f2000000,0x00000000f2000000,0x0000000100000000)
 ParOldGen       total 1377792K, used 950334K [0x0000000081e00000, 0x00000000d5f80000, 0x00000000d5f80000)
  object space 1377792K, 68% used [0x0000000081e00000,0x00000000bbe0f918,0x00000000d5f80000)
 Metaspace       used 24977K, capacity 25852K, committed 26112K, reserved 1071104K
  class space    used 3306K, capacity 3536K, committed 3584K, reserved 1048576K
}
Event: 44.620 GC heap before
{Heap before GC invocations=104 (full 14):
 PSYoungGen      total 459264K, used 237627K [0x00000000d5f80000, 0x0000000100000000, 0x0000000100000000)
  eden space 229888K, 100% used [0x00000000d5f80000,0x00000000e4000000,0x00000000e4000000)
  from space 229376K, 3% used [0x00000000e4000000,0x00000000e478ee68,0x00000000f2000000)
  to   space 229376K, 0% used [0x00000000f2000000,0x00000000f2000000,0x0000000100000000)
 ParOldGen       total 1377792K, used 950334K [0x0000000081e00000, 0x00000000d5f80000, 0x00000000d5f80000)
  object space 1377792K, 68% used [0x0000000081e00000,0x00000000bbe0f918,0x00000000d5f80000)
 Metaspace       used 24977K, capacity 25852K, committed 26112K, reserved 1071104K
  class space    used 3306K, capacity 3536K, committed 3584K, reserved 1048576K
Event: 44.708 GC heap after
Heap after GC invocations=104 (full 14):
 PSYoungGen      total 459264K, used 194788K [0x00000000d5f80000, 0x0000000100000000, 0x0000000100000000)
  eden space 229888K, 0% used [0x00000000d5f80000,0x00000000d5f80000,0x00000000e4000000)
  from space 229376K, 84% used [0x00000000f2000000,0x00000000fde391d0,0x0000000100000000)
  to   space 229376K, 0% used [0x00000000e4000000,0x00000000e4000000,0x00000000f2000000)
 ParOldGen       total 1377792K, used 957993K [0x0000000081e00000, 0x00000000d5f80000, 0x00000000d5f80000)
  object space 1377792K, 69% used [0x0000000081e00000,0x00000000bc58a780,0x00000000d5f80000)
 Metaspace       used 24977K, capacity 25852K, committed 26112K, reserved 1071104K
  class space    used 3306K, capacity 3536K, committed 3584K, reserved 1048576K
}
Event: 45.446 GC heap before
{Heap before GC invocations=105 (full 14):
 PSYoungGen      total 459264K, used 424676K [0x00000000d5f80000, 0x0000000100000000, 0x0000000100000000)
  eden space 229888K, 100% used [0x00000000d5f80000,0x00000000e4000000,0x00000000e4000000)
  from space 229376K, 84% used [0x00000000f2000000,0x00000000fde391d0,0x0000000100000000)
  to   space 229376K, 0% used [0x00000000e4000000,0x00000000e4000000,0x00000000f2000000)
 ParOldGen       total 1377792K, used 957993K [0x0000000081e00000, 0x00000000d5f80000, 0x00000000d5f80000)
  object space 1377792K, 69% used [0x0000000081e00000,0x00000000bc58a780,0x00000000d5f80000)
 Metaspace       used 24977K, capacity 25852K, committed 26112K, reserved 1071104K
  class space    used 3306K, capacity 3536K, committed 3584K, reserved 1048576K

Deoptimization events (10 events):
Event: 15.471 Thread 0x0000000003214800 Uncommon trap: reason=unstable_if action=reinterpret pc=0x0000000003509f88 method=java.util.AbstractMap.isEmpty()Z @ 4
Event: 15.514 Thread 0x0000000003214800 Uncommon trap: reason=bimorphic action=maybe_recompile pc=0x000000000359a3b4 method=java.io.BufferedInputStream.read1([BII)I @ 39
Event: 15.524 Thread 0x0000000003214800 Uncommon trap: reason=unstable_if action=reinterpret pc=0x0000000003d6e620 method=java.util.regex.Pattern.inRange(III)Z @ 7
Event: 15.524 Thread 0x0000000003214800 Uncommon trap: reason=bimorphic action=maybe_recompile pc=0x0000000003ba8d88 method=java.util.regex.Pattern$BranchConn.match(Ljava/util/regex/Matcher;ILjava/lang/CharSequence;)Z @ 7
Event: 15.524 Thread 0x0000000003214800 Uncommon trap: reason=unstable_if action=reinterpret pc=0x0000000003ba8dac method=java.util.regex.Pattern$LastNode.match(Ljava/util/regex/Matcher;ILjava/lang/CharSequence;)Z @ 5
Event: 15.525 Thread 0x0000000003214800 Uncommon trap: reason=bimorphic action=maybe_recompile pc=0x000000000359a268 method=java.io.BufferedInputStream.read1([BII)I @ 39
Event: 15.525 Thread 0x0000000003214800 Uncommon trap: reason=bimorphic action=maybe_recompile pc=0x000000000359a268 method=java.io.BufferedInputStream.read1([BII)I @ 39
Event: 15.525 Thread 0x0000000003214800 Uncommon trap: reason=bimorphic action=maybe_recompile pc=0x000000000359a268 method=java.io.BufferedInputStream.read1([BII)I @ 39
Event: 15.534 Thread 0x0000000003214800 Uncommon trap: reason=class_check action=maybe_recompile pc=0x00000000039136bc method=java.util.HashSet.contains(Ljava/lang/Object;)Z @ 5
Event: 15.534 Thread 0x0000000003214800 Uncommon trap: reason=class_check action=maybe_recompile pc=0x00000000039136bc method=java.util.HashSet.contains(Ljava/lang/Object;)Z @ 5

Classes redefined (0 events):
No events

Internal exceptions (10 events):
Event: 14.180 Thread 0x0000000003214800 Implicit null exception at 0x0000000003ba6b0b to 0x0000000003ba6bd1
Event: 14.197 Thread 0x0000000003214800 Implicit null exception at 0x0000000003b9ef2f to 0x0000000003b9f02d
Event: 15.387 Thread 0x0000000003214800 Exception <a 'java/lang/IncompatibleClassChangeError': Found class java.lang.Object, but interface was expected> (0x00000000d7482140) thrown at [C:\re\workspace\8-2-build-windows-amd64-cygwin\jdk8u191\11896\hotspot\src\share\vm\interpreter\linkResolver.cp
Event: 15.389 Thread 0x0000000003214800 Exception <a 'java/lang/NoSuchMethodError': java.lang.Object.lambda$or$2(Ljava/util/function/Predicate;Ljava/lang/Object;)Z> (0x00000000d7490008) thrown at [C:\re\workspace\8-2-build-windows-amd64-cygwin\jdk8u191\11896\hotspot\src\share\vm\interpreter\lin
Event: 15.432 Thread 0x0000000003214800 Exception <a 'java/lang/NoSuchMethodError': java.lang.Object.lambda$chars$0()Ljava/util/Spliterator$OfInt;> (0x00000000d8988648) thrown at [C:\re\workspace\8-2-build-windows-amd64-cygwin\jdk8u191\11896\hotspot\src\share\vm\interpreter\linkResolver.cpp, li
Event: 16.224 Thread 0x0000000003214800 Exception <a 'java/lang/reflect/InvocationTargetException'> (0x00000000d93d5fc8) thrown at [C:\re\workspace\8-2-build-windows-amd64-cygwin\jdk8u191\11896\hotspot\src\share\vm\runtime\reflection.cpp, line 1092]
Event: 26.866 Thread 0x0000000003214800 Exception <a 'java/lang/NullPointerException'> (0x00000000d7c15c98) thrown at [C:\re\workspace\8-2-build-windows-amd64-cygwin\jdk8u191\11896\hotspot\src\share\vm\interpreter\linkResolver.cpp, line 1287]
Event: 26.866 Thread 0x0000000003214800 Exception <a 'java/lang/reflect/InvocationTargetException'> (0x00000000d7c16088) thrown at [C:\re\workspace\8-2-build-windows-amd64-cygwin\jdk8u191\11896\hotspot\src\share\vm\runtime\reflection.cpp, line 1092]
Event: 36.915 Thread 0x0000000003214800 Exception <a 'java/lang/NullPointerException'> (0x00000000d68d5620) thrown at [C:\re\workspace\8-2-build-windows-amd64-cygwin\jdk8u191\11896\hotspot\src\share\vm\interpreter\linkResolver.cpp, line 1287]
Event: 36.915 Thread 0x0000000003214800 Exception <a 'java/lang/reflect/InvocationTargetException'> (0x00000000d68d5a10) thrown at [C:\re\workspace\8-2-build-windows-amd64-cygwin\jdk8u191\11896\hotspot\src\share\vm\runtime\reflection.cpp, line 1092]

Events (10 events):
Event: 43.687 Executing VM operation: RevokeBias done
Event: 43.886 loading class org/apache/xerces/util/SecurityManager
Event: 43.886 loading class org/apache/xerces/util/SecurityManager done
Event: 43.889 loading class org/apache/xerces/util/SecurityManager
Event: 43.889 loading class org/apache/xerces/util/SecurityManager done
Event: 43.914 Executing VM operation: ParallelGCFailedAllocation
Event: 43.984 Executing VM operation: ParallelGCFailedAllocation done
Event: 44.620 Executing VM operation: ParallelGCFailedAllocation
Event: 44.708 Executing VM operation: ParallelGCFailedAllocation done
Event: 45.446 Executing VM operation: ParallelGCFailedAllocation


Dynamic libraries:
0x00007ff7066f0000 - 0x00007ff706727000 	C:\Program Files\Java\jre1.8.0_191\bin\javaw.exe
0x00007ff8d39e0000 - 0x00007ff8d3bd0000 	C:\WINDOWS\SYSTEM32\ntdll.dll
0x00007ff8d3240000 - 0x00007ff8d32f2000 	C:\WINDOWS\System32\KERNEL32.DLL
0x00007ff8d1060000 - 0x00007ff8d1304000 	C:\WINDOWS\System32\KERNELBASE.dll
0x00007ff8d3020000 - 0x00007ff8d30c3000 	C:\WINDOWS\System32\ADVAPI32.dll
0x00007ff8d2b20000 - 0x00007ff8d2bbe000 	C:\WINDOWS\System32\msvcrt.dll
0x00007ff8d31a0000 - 0x00007ff8d3237000 	C:\WINDOWS\System32\sechost.dll
0x00007ff8d1ad0000 - 0x00007ff8d1bf0000 	C:\WINDOWS\System32\RPCRT4.dll
0x00007ff8d2bd0000 - 0x00007ff8d2d64000 	C:\WINDOWS\System32\USER32.dll
0x00007ff8d09c0000 - 0x00007ff8d09e1000 	C:\WINDOWS\System32\win32u.dll
0x00007ff8d2f20000 - 0x00007ff8d2f46000 	C:\WINDOWS\System32\GDI32.dll
0x00007ff8d0cc0000 - 0x00007ff8d0e54000 	C:\WINDOWS\System32\gdi32full.dll
0x00007ff8d0b40000 - 0x00007ff8d0bde000 	C:\WINDOWS\System32\msvcp_win.dll
0x00007ff8d0e60000 - 0x00007ff8d0f5a000 	C:\WINDOWS\System32\ucrtbase.dll
0x00007ff8cfd50000 - 0x00007ff8cffd4000 	C:\WINDOWS\WinSxS\amd64_microsoft.windows.common-controls_6595b64144ccf1df_6.0.18362.836_none_e6c4b943130f18ed\COMCTL32.dll
0x00007ff8d3660000 - 0x00007ff8d3996000 	C:\WINDOWS\System32\combase.dll
0x00007ff8d0f80000 - 0x00007ff8d1000000 	C:\WINDOWS\System32\bcryptPrimitives.dll
0x00007ff8d1aa0000 - 0x00007ff8d1ace000 	C:\WINDOWS\System32\IMM32.DLL
0x000000005a360000 - 0x000000005a432000 	C:\Program Files\Java\jre1.8.0_191\bin\msvcr100.dll
0x0000000058360000 - 0x0000000058c04000 	C:\Program Files\Java\jre1.8.0_191\bin\server\jvm.dll
0x00007ff8d1a90000 - 0x00007ff8d1a98000 	C:\WINDOWS\System32\PSAPI.DLL
0x00007ff8cc280000 - 0x00007ff8cc289000 	C:\WINDOWS\SYSTEM32\WSOCK32.dll
0x00007ff8cdb00000 - 0x00007ff8cdb24000 	C:\WINDOWS\SYSTEM32\WINMM.dll
0x00007ff8c3120000 - 0x00007ff8c312a000 	C:\WINDOWS\SYSTEM32\VERSION.dll
0x00007ff8d2fb0000 - 0x00007ff8d301f000 	C:\WINDOWS\System32\WS2_32.dll
0x00007ff8cd680000 - 0x00007ff8cd6ad000 	C:\WINDOWS\SYSTEM32\winmmbase.dll
0x00007ff8d0970000 - 0x00007ff8d09ba000 	C:\WINDOWS\System32\cfgmgr32.dll
0x000000005ba50000 - 0x000000005ba5f000 	C:\Program Files\Java\jre1.8.0_191\bin\verify.dll
0x000000005b590000 - 0x000000005b5b9000 	C:\Program Files\Java\jre1.8.0_191\bin\java.dll
0x000000005b8f0000 - 0x000000005b906000 	C:\Program Files\Java\jre1.8.0_191\bin\zip.dll
0x00007ff8d1ee0000 - 0x00007ff8d25c4000 	C:\WINDOWS\System32\SHELL32.dll
0x00007ff8d3320000 - 0x00007ff8d33c9000 	C:\WINDOWS\System32\shcore.dll
0x00007ff8d1310000 - 0x00007ff8d1a8e000 	C:\WINDOWS\System32\windows.storage.dll
0x00007ff8d08f0000 - 0x00007ff8d0913000 	C:\WINDOWS\System32\profapi.dll
0x00007ff8d0920000 - 0x00007ff8d096a000 	C:\WINDOWS\System32\powrprof.dll
0x00007ff8d08a0000 - 0x00007ff8d08b0000 	C:\WINDOWS\System32\UMPDC.dll
0x00007ff8d2f50000 - 0x00007ff8d2fa2000 	C:\WINDOWS\System32\shlwapi.dll
0x00007ff8d08d0000 - 0x00007ff8d08e1000 	C:\WINDOWS\System32\kernel.appcore.dll
0x00007ff8d0f60000 - 0x00007ff8d0f77000 	C:\WINDOWS\System32\cryptsp.dll
0x000000005b1f0000 - 0x000000005b20a000 	C:\Program Files\Java\jre1.8.0_191\bin\net.dll
0x00007ff8cfa30000 - 0x00007ff8cfa97000 	C:\WINDOWS\system32\mswsock.dll
0x00007ff8cf780000 - 0x00007ff8cf84b000 	C:\WINDOWS\SYSTEM32\DNSAPI.dll
0x00007ff8d1e20000 - 0x00007ff8d1e28000 	C:\WINDOWS\System32\NSI.dll
0x00007ff8cf740000 - 0x00007ff8cf77a000 	C:\WINDOWS\SYSTEM32\IPHLPAPI.DLL
0x00007ff8bef10000 - 0x00007ff8bef1a000 	C:\Windows\System32\rasadhlp.dll
0x00007ff8c20c0000 - 0x00007ff8c2137000 	C:\WINDOWS\System32\fwpuclnt.dll
0x00007ff8d0c90000 - 0x00007ff8d0cb6000 	C:\WINDOWS\System32\bcrypt.dll
0x000000005adb0000 - 0x000000005add4000 	C:\Program Files\Java\jre1.8.0_191\bin\sunec.dll
0x000000005b7c0000 - 0x000000005b7cb000 	C:\Program Files\Java\jre1.8.0_191\bin\sunmscapi.dll
0x00007ff8d09f0000 - 0x00007ff8d0b39000 	C:\WINDOWS\System32\CRYPT32.dll
0x00007ff8d08b0000 - 0x00007ff8d08c2000 	C:\WINDOWS\System32\MSASN1.dll
0x00007ff8c2890000 - 0x00007ff8c28a6000 	C:\WINDOWS\SYSTEM32\dhcpcsvc6.DLL
0x00007ff8c2a90000 - 0x00007ff8c2aac000 	C:\WINDOWS\SYSTEM32\dhcpcsvc.DLL
0x000000005aec0000 - 0x000000005aed1000 	C:\Program Files\Java\jre1.8.0_191\bin\nio.dll
0x00007ff8cf5a0000 - 0x00007ff8cf5d3000 	C:\WINDOWS\system32\rsaenh.dll
0x00007ff8d07c0000 - 0x00007ff8d07e5000 	C:\WINDOWS\SYSTEM32\USERENV.dll
0x00007ff8cfc00000 - 0x00007ff8cfc0c000 	C:\WINDOWS\SYSTEM32\CRYPTBASE.dll
0x00007ff8b4350000 - 0x00007ff8b4366000 	C:\WINDOWS\system32\napinsp.dll
0x00007ff8aeb40000 - 0x00007ff8aeb5a000 	C:\WINDOWS\system32\pnrpnsp.dll
0x00007ff8c9680000 - 0x00007ff8c9695000 	C:\WINDOWS\system32\wshbth.dll
0x00007ff8cc260000 - 0x00007ff8cc27c000 	C:\WINDOWS\system32\NLAapi.dll
0x00007ff8b8050000 - 0x00007ff8b805e000 	C:\WINDOWS\System32\winrnr.dll
0x00007ff8d03c0000 - 0x00007ff8d05b4000 	C:\WINDOWS\SYSTEM32\dbghelp.dll

VM Arguments:
jvm_args: -ea -Dfile.encoding=UTF-8 
java_command: org.eclipse.jdt.internal.junit.runner.RemoteTestRunner -version 3 -port 59114 -testLoaderClass org.eclipse.jdt.internal.junit4.runner.JUnit4TestLoader -loaderpluginname org.eclipse.jdt.junit4.runtime -classNames com.Pathway.TestRunner.TestRunnerclass
java_class_path (initial): E:\repositeryforgit\Pathway_Automation\Pathway\target\test-classes;E:\repositeryforgit\Pathway_Automation\Pathway\target\classes;D:\Documents\pathway\pathwayjar.jar;C:\Users\saiku\.m2\repository\org\seleniumhq\selenium\selenium-java\3.14.0\selenium-java-3.14.0.jar;C:\Users\saiku\.m2\repository\org\seleniumhq\selenium\selenium-api\3.14.0\selenium-api-3.14.0.jar;C:\Users\saiku\.m2\repository\org\seleniumhq\selenium\selenium-chrome-driver\3.14.0\selenium-chrome-driver-3.14.0.jar;C:\Users\saiku\.m2\repository\org\seleniumhq\selenium\selenium-edge-driver\3.14.0\selenium-edge-driver-3.14.0.jar;C:\Users\saiku\.m2\repository\org\seleniumhq\selenium\selenium-firefox-driver\3.14.0\selenium-firefox-driver-3.14.0.jar;C:\Users\saiku\.m2\repository\org\seleniumhq\selenium\selenium-ie-driver\3.14.0\selenium-ie-driver-3.14.0.jar;C:\Users\saiku\.m2\repository\org\seleniumhq\selenium\selenium-opera-driver\3.14.0\selenium-opera-driver-3.14.0.jar;C:\Users\saiku\.m2\repository\org\seleniumhq\selenium\selenium-remote-driver\3.14.0\selenium-remote-driver-3.14.0.jar;C:\Users\saiku\.m2\repository\org\seleniumhq\selenium\selenium-safari-driver\3.14.0\selenium-safari-driver-3.14.0.jar;C:\Users\saiku\.m2\repository\org\seleniumhq\selenium\selenium-support\3.14.0\selenium-support-3.14.0.jar;C:\Users\saiku\.m2\repository\net\bytebuddy\byte-buddy\1.8.15\byte-buddy-1.8.15.jar;C:\Users\saiku\.m2\repository\org\apache\commons\commons-exec\1.3\commons-exec-1.3.jar;C:\Users\saiku\.m2\repository\commons-codec\commons-codec\1.10\commons-codec-1.10.jar;C:\Users\saiku\.m2\repository\commons-logging\commons-logging\1.2\commons-logging-1.2.jar;C:\Users\saiku\.m2\repository\com\google\guava\guava\25.0-jre\guava-25.0-jre.jar;C:\Users\saiku\.m2\repository\com\google\code\findbugs\jsr305\1.3.9\jsr305-1.3.9.jar;C:\Users\saiku\.m2\repository\org\checkerframework\checker-compat-qual\2.0.0\checker-compat-qual-2.0.0.jar;C:\Users\saiku\.m2\repository\com\google\errorprone\error_prone_anno
Launcher Type: SUN_STANDARD

Environment Variables:
JAVA_HOME=C:\Program Files\Java\jdk1.8.0_191
PATH=C:/Program Files/Java/jre1.8.0_191/bin/server;C:/Program Files/Java/jre1.8.0_191/bin;C:/Program Files/Java/jre1.8.0_191/lib/amd64;C:\Program Files (x86)\Common Files\Oracle\Java\javapath;C:\WINDOWS\system32;C:\WINDOWS;C:\WINDOWS\System32\Wbem;C:\WINDOWS\System32\WindowsPowerShell\v1.0\;C:\WINDOWS\System32\OpenSSH\;C:\Program Files\Java\jdk1.8.0_191\bin;C:\Users\saiku\Downloads\apache-maven-3.6.3-bin\apache-maven-3.6.3\bin;C:\Users\saiku\AppData\Local\Microsoft\WindowsApps;;C:\Users\saiku\Downloads\eclipse-java-photon-R-win32-x86_64\eclipse;
USERNAME=saiku
OS=Windows_NT
PROCESSOR_IDENTIFIER=Intel64 Family 6 Model 142 Stepping 11, GenuineIntel



---------------  S Y S T E M  ---------------

OS: Windows 10.0 , 64 bit Build 18362 (10.0.18362.778)

CPU:total 8 (initial active 8) (4 cores per cpu, 2 threads per core) family 6 model 142 stepping 11, cmov, cx8, fxsr, mmx, sse, sse2, sse3, ssse3, sse4.1, sse4.2, popcnt, avx, avx2, aes, clmul, erms, 3dnowpref, lzcnt, ht, tsc, tscinvbit, bmi1, bmi2, adx

Memory: 4k page, physical 8264924k(941420k free), swap 11092184k(1277172k free)

vm_info: Java HotSpot(TM) 64-Bit Server VM (25.191-b12) for windows-amd64 JRE (1.8.0_191-b12), built on Oct  6 2018 09:29:03 by "java_re" with MS VC++ 10.0 (VS2010)

time: Wed May 27 11:50:52 2020
elapsed time: 45 seconds (0d 0h 0m 45s)

